c:\users\xiong\source\repos\obsbasicdemo\obs-websocket\x64\debug\vc142.pdb
c:\users\xiong\source\repos\obsbasicdemo\obs-websocket\x64\debug\vc142.idb
c:\users\xiong\source\repos\obsbasicdemo\obs-websocket\x64\debug\requesthandler_config.obj
c:\users\xiong\source\repos\obsbasicdemo\obs-websocket\x64\debug\requesthandler.obj
c:\users\xiong\source\repos\obsbasicdemo\obs-websocket\x64\debug\requestbatchhandler.obj
c:\users\xiong\source\repos\obsbasicdemo\obs-websocket\x64\debug\obs-websocket.obj
c:\users\xiong\source\repos\obsbasicdemo\obs-websocket\x64\debug\settingsdialog.obj
c:\users\xiong\source\repos\obsbasicdemo\obs-websocket\x64\debug\moc_settingsdialog.obj
c:\users\xiong\source\repos\obsbasicdemo\obs-websocket\x64\debug\moc_connectinfo.obj
c:\users\xiong\source\repos\obsbasicdemo\obs-websocket\x64\debug\connectinfo.obj
c:\users\xiong\source\repos\obsbasicdemo\obs-websocket\x64\debug\eventhandler_ui.obj
c:\users\xiong\source\repos\obsbasicdemo\obs-websocket\x64\debug\eventhandler_transitions.obj
c:\users\xiong\source\repos\obsbasicdemo\obs-websocket\x64\debug\eventhandler_scenes.obj
c:\users\xiong\source\repos\obsbasicdemo\obs-websocket\x64\debug\eventhandler_sceneitems.obj
c:\users\xiong\source\repos\obsbasicdemo\obs-websocket\x64\debug\eventhandler_outputs.obj
c:\users\xiong\source\repos\obsbasicdemo\obs-websocket\x64\debug\eventhandler_mediainputs.obj
c:\users\xiong\source\repos\obsbasicdemo\obs-websocket\x64\debug\eventhandler_inputs.obj
c:\users\xiong\source\repos\obsbasicdemo\obs-websocket\x64\debug\eventhandler_general.obj
c:\users\xiong\source\repos\obsbasicdemo\obs-websocket\x64\debug\eventhandler_filters.obj
c:\users\xiong\source\repos\obsbasicdemo\obs-websocket\x64\debug\eventhandler_config.obj
c:\users\xiong\source\repos\obsbasicdemo\obs-websocket\x64\debug\eventhandler.obj
c:\users\xiong\source\repos\obsbasicdemo\obs-websocket\x64\debug\config.obj
c:\users\xiong\source\repos\obsbasicdemo\obs-websocket\x64\debug\obs_actionhelper.obj
c:\users\xiong\source\repos\obsbasicdemo\obs-websocket\x64\debug\obs.obj
c:\users\xiong\source\repos\obsbasicdemo\obs-websocket\x64\debug\json.obj
c:\users\xiong\source\repos\obsbasicdemo\obs-websocket\x64\debug\crypto.obj
c:\users\xiong\source\repos\obsbasicdemo\obs-websocket\x64\debug\compat.obj
c:\users\xiong\source\repos\obsbasicdemo\obs-websocket\x64\debug\requestresult.obj
c:\users\xiong\source\repos\obsbasicdemo\obs-websocket\x64\debug\requestbatchrequest.obj
c:\users\xiong\source\repos\obsbasicdemo\obs-websocket\x64\debug\request.obj
c:\users\xiong\source\repos\obsbasicdemo\obs-websocket\x64\debug\requesthandler_ui.obj
c:\users\xiong\source\repos\obsbasicdemo\obs-websocket\x64\debug\requesthandler_transitions.obj
c:\users\xiong\source\repos\obsbasicdemo\obs-websocket\x64\debug\requesthandler_stream.obj
c:\users\xiong\source\repos\obsbasicdemo\obs-websocket\x64\debug\requesthandler_sources.obj
c:\users\xiong\source\repos\obsbasicdemo\obs-websocket\x64\debug\requesthandler_scenes.obj
c:\users\xiong\source\repos\obsbasicdemo\obs-websocket\x64\debug\requesthandler_sceneitems.obj
c:\users\xiong\source\repos\obsbasicdemo\obs-websocket\x64\debug\requesthandler_record.obj
c:\users\xiong\source\repos\obsbasicdemo\obs-websocket\x64\debug\requesthandler_outputs.obj
c:\users\xiong\source\repos\obsbasicdemo\obs-websocket\x64\debug\requesthandler_mediainputs.obj
c:\users\xiong\source\repos\obsbasicdemo\obs-websocket\x64\debug\requesthandler_inputs.obj
c:\users\xiong\source\repos\obsbasicdemo\obs-websocket\x64\debug\requesthandler_general.obj
c:\users\xiong\source\repos\obsbasicdemo\obs-websocket\x64\debug\requesthandler_filters.obj
c:\users\xiong\source\repos\obsbasicdemo\obs-websocket\x64\debug\websocketserver_protocol.obj
c:\users\xiong\source\repos\obsbasicdemo\obs-websocket\x64\debug\websocketserver.obj
c:\users\xiong\source\repos\obsbasicdemo\obs-websocket\x64\debug\moc_websocketserver.obj
c:\users\xiong\source\repos\obsbasicdemo\obs-websocket\x64\debug\websocketapi.obj
c:\users\xiong\source\repos\obsbasicdemo\obs-websocket\x64\debug\platform.obj
c:\users\xiong\source\repos\obsbasicdemo\obs-websocket\x64\debug\obs_volumemeter.obj
c:\users\xiong\source\repos\obsbasicdemo\obs-websocket\x64\debug\obs_stringhelper.obj
c:\users\xiong\source\repos\obsbasicdemo\obs-websocket\x64\debug\obs_searchhelper.obj
c:\users\xiong\source\repos\obsbasicdemo\obs-websocket\x64\debug\obs_objecthelper.obj
c:\users\xiong\source\repos\obsbasicdemo\obs-websocket\x64\debug\obs_numberhelper.obj
c:\users\xiong\source\repos\obsbasicdemo\obs-websocket\x64\debug\obs_arrayhelper.obj
c:\users\xiong\source\repos\obsbasicdemo\obs-websocket\x64\debug\obs-websocket.ilk
c:\users\xiong\source\repos\obsbasicdemo\obs-plugins\64bit\obs-websocket.dll
c:\users\xiong\source\repos\obsbasicdemo\obs-plugins\64bit\obs-websocket.pdb
c:\users\xiong\source\repos\obsbasicdemo\x64\debug\obs-websocket.lib
c:\users\xiong\source\repos\obsbasicdemo\x64\debug\obs-websocket.exp
c:\users\xiong\source\repos\obsbasicdemo\obs-plugins\64bit\obs-websocket.lib
c:\users\xiong\source\repos\obsbasicdemo\obs-plugins\64bit\obs-websocket.exp
c:\users\xiong\source\repos\obsbasicdemo\obs-websocket\x64\debug\obs-websocket.tlog\cl.command.1.tlog
c:\users\xiong\source\repos\obsbasicdemo\obs-websocket\x64\debug\obs-websocket.tlog\cl.read.1.tlog
c:\users\xiong\source\repos\obsbasicdemo\obs-websocket\x64\debug\obs-websocket.tlog\cl.write.1.tlog
c:\users\xiong\source\repos\obsbasicdemo\obs-websocket\x64\debug\obs-websocket.tlog\link.command.1.tlog
c:\users\xiong\source\repos\obsbasicdemo\obs-websocket\x64\debug\obs-websocket.tlog\link.read.1.tlog
c:\users\xiong\source\repos\obsbasicdemo\obs-websocket\x64\debug\obs-websocket.tlog\link.write.1.tlog
c:\users\xiong\source\repos\obsbasicdemo\obs-websocket\x64\debug\obs-websocket.tlog\obs-websocket.write.1u.tlog
