c:\users\xiong\source\repos\obsbasicdemo\win-dshow\x64\debug\vc142.pdb
c:\users\xiong\source\repos\obsbasicdemo\win-dshow\x64\debug\vc142.idb
c:\users\xiong\source\repos\obsbasicdemo\win-dshow\x64\debug\win-dshow.obj
c:\users\xiong\source\repos\obsbasicdemo\win-dshow\x64\debug\win-dshow-encoder.obj
c:\users\xiong\source\repos\obsbasicdemo\win-dshow\x64\debug\output-filter.obj
c:\users\xiong\source\repos\obsbasicdemo\win-dshow\x64\debug\log.obj
c:\users\xiong\source\repos\obsbasicdemo\win-dshow\x64\debug\encoder.obj
c:\users\xiong\source\repos\obsbasicdemo\win-dshow\x64\debug\dshowcapture.obj
c:\users\xiong\source\repos\obsbasicdemo\win-dshow\x64\debug\dshow-media-type.obj
c:\users\xiong\source\repos\obsbasicdemo\win-dshow\x64\debug\dshow-formats.obj
c:\users\xiong\source\repos\obsbasicdemo\win-dshow\x64\debug\dshow-enum.obj
c:\users\xiong\source\repos\obsbasicdemo\win-dshow\x64\debug\dshow-demux.obj
c:\users\xiong\source\repos\obsbasicdemo\win-dshow\x64\debug\dshow-base.obj
c:\users\xiong\source\repos\obsbasicdemo\win-dshow\x64\debug\device.obj
c:\users\xiong\source\repos\obsbasicdemo\win-dshow\x64\debug\capture-filter.obj
c:\users\xiong\source\repos\obsbasicdemo\win-dshow\x64\debug\dshow-plugin.obj
c:\users\xiong\source\repos\obsbasicdemo\win-dshow\x64\debug\virtualcam.obj
c:\users\xiong\source\repos\obsbasicdemo\win-dshow\x64\debug\tiny-nv12-scale.obj
c:\users\xiong\source\repos\obsbasicdemo\win-dshow\x64\debug\shared-memory-queue.obj
c:\users\xiong\source\repos\obsbasicdemo\win-dshow\x64\debug\ffmpeg-decode.obj
c:\users\xiong\source\repos\obsbasicdemo\win-dshow\x64\debug\win-dshow.ilk
c:\users\xiong\source\repos\obsbasicdemo\obs-plugins\64bit\win-dshow.dll
c:\users\xiong\source\repos\obsbasicdemo\obs-plugins\64bit\win-dshow.pdb
c:\users\xiong\source\repos\obsbasicdemo\x64\debug\win-dshow.lib
c:\users\xiong\source\repos\obsbasicdemo\x64\debug\win-dshow.exp
c:\users\xiong\source\repos\obsbasicdemo\obs-plugins\64bit\win-dshow.lib
c:\users\xiong\source\repos\obsbasicdemo\obs-plugins\64bit\win-dshow.exp
c:\users\xiong\source\repos\obsbasicdemo\win-dshow\x64\debug\win-dshow.tlog\cl.command.1.tlog
c:\users\xiong\source\repos\obsbasicdemo\win-dshow\x64\debug\win-dshow.tlog\cl.read.1.tlog
c:\users\xiong\source\repos\obsbasicdemo\win-dshow\x64\debug\win-dshow.tlog\cl.write.1.tlog
c:\users\xiong\source\repos\obsbasicdemo\win-dshow\x64\debug\win-dshow.tlog\link.command.1.tlog
c:\users\xiong\source\repos\obsbasicdemo\win-dshow\x64\debug\win-dshow.tlog\link.read.1.tlog
c:\users\xiong\source\repos\obsbasicdemo\win-dshow\x64\debug\win-dshow.tlog\link.write.1.tlog
c:\users\xiong\source\repos\obsbasicdemo\win-dshow\x64\debug\win-dshow.tlog\win-dshow.write.1u.tlog
