c:\users\xiong\source\repos\obsbasicdemo\decklink-output-ui\x64\debug\vc142.pdb
c:\users\xiong\source\repos\obsbasicdemo\decklink-output-ui\x64\debug\vc142.idb
c:\users\xiong\source\repos\obsbasicdemo\decklink-output-ui\x64\debug\vertical-scroll-area.obj
c:\users\xiong\source\repos\obsbasicdemo\decklink-output-ui\x64\debug\spinbox-ignorewheel.obj
c:\users\xiong\source\repos\obsbasicdemo\decklink-output-ui\x64\debug\slider-ignorewheel.obj
c:\users\xiong\source\repos\obsbasicdemo\decklink-output-ui\x64\debug\qt-wrappers.obj
c:\users\xiong\source\repos\obsbasicdemo\decklink-output-ui\x64\debug\properties-view.obj
c:\users\xiong\source\repos\obsbasicdemo\decklink-output-ui\x64\debug\plain-text-edit.obj
c:\users\xiong\source\repos\obsbasicdemo\decklink-output-ui\x64\debug\moc_vertical-scroll-area.obj
c:\users\xiong\source\repos\obsbasicdemo\decklink-output-ui\x64\debug\moc_spinbox-ignorewheel.obj
c:\users\xiong\source\repos\obsbasicdemo\decklink-output-ui\x64\debug\moc_slider-ignorewheel.obj
c:\users\xiong\source\repos\obsbasicdemo\decklink-output-ui\x64\debug\moc_properties-view.moc.obj
c:\users\xiong\source\repos\obsbasicdemo\decklink-output-ui\x64\debug\moc_properties-view.obj
c:\users\xiong\source\repos\obsbasicdemo\decklink-output-ui\x64\debug\moc_plain-text-edit.obj
c:\users\xiong\source\repos\obsbasicdemo\decklink-output-ui\x64\debug\moc_horizontal-scroll-area.obj
c:\users\xiong\source\repos\obsbasicdemo\decklink-output-ui\x64\debug\moc_double-slider.obj
c:\users\xiong\source\repos\obsbasicdemo\decklink-output-ui\x64\debug\moc_decklinkoutputui.obj
c:\users\xiong\source\repos\obsbasicdemo\decklink-output-ui\x64\debug\moc_clickable-label.obj
c:\users\xiong\source\repos\obsbasicdemo\decklink-output-ui\x64\debug\horizontal-scroll-area.obj
c:\users\xiong\source\repos\obsbasicdemo\decklink-output-ui\x64\debug\double-slider.obj
c:\users\xiong\source\repos\obsbasicdemo\decklink-output-ui\x64\debug\decklinkoutputui.obj
c:\users\xiong\source\repos\obsbasicdemo\decklink-output-ui\x64\debug\decklink-ui-main.obj
c:\users\xiong\source\repos\obsbasicdemo\x64\debug\decklink-output-ui.lib
c:\users\xiong\source\repos\obsbasicdemo\x64\debug\decklink-output-ui.exp
c:\users\xiong\source\repos\obsbasicdemo\x64\debug\decklink-output-ui.dll
c:\users\xiong\source\repos\obsbasicdemo\decklink-output-ui\x64\debug\decklink-output-ui.ilk
c:\users\xiong\source\repos\obsbasicdemo\x64\debug\decklink-output-ui.pdb
c:\users\xiong\source\repos\obsbasicdemo\decklink-output-ui\x64\debug\decklink.2f30d083.tlog\cl.command.1.tlog
c:\users\xiong\source\repos\obsbasicdemo\decklink-output-ui\x64\debug\decklink.2f30d083.tlog\cl.read.1.tlog
c:\users\xiong\source\repos\obsbasicdemo\decklink-output-ui\x64\debug\decklink.2f30d083.tlog\cl.write.1.tlog
c:\users\xiong\source\repos\obsbasicdemo\decklink-output-ui\x64\debug\decklink.2f30d083.tlog\decklink-output-ui.write.1u.tlog
c:\users\xiong\source\repos\obsbasicdemo\decklink-output-ui\x64\debug\decklink.2f30d083.tlog\link.command.1.tlog
c:\users\xiong\source\repos\obsbasicdemo\decklink-output-ui\x64\debug\decklink.2f30d083.tlog\link.read.1.tlog
c:\users\xiong\source\repos\obsbasicdemo\decklink-output-ui\x64\debug\decklink.2f30d083.tlog\link.write.1.tlog
