c:\users\xiong\source\repos\obsbasicdemo\obs-studio\x64\debug\vc142.pdb
c:\users\xiong\source\repos\obsbasicdemo\obs-studio\x64\debug\vc142.idb
c:\users\xiong\source\repos\obsbasicdemo\obs-studio\x64\debug\log-viewer.obj
c:\users\xiong\source\repos\obsbasicdemo\obs-studio\x64\debug\lineedit-autoresize.obj
c:\users\xiong\source\repos\obsbasicdemo\obs-studio\x64\debug\item-widget-helpers.obj
c:\users\xiong\source\repos\obsbasicdemo\obs-studio\x64\debug\xsplit.obj
c:\users\xiong\source\repos\obsbasicdemo\obs-studio\x64\debug\studio.obj
c:\users\xiong\source\repos\obsbasicdemo\obs-studio\x64\debug\sl.obj
c:\users\xiong\source\repos\obsbasicdemo\obs-studio\x64\debug\importers.obj
c:\users\xiong\source\repos\obsbasicdemo\obs-studio\x64\debug\classic.obj
c:\users\xiong\source\repos\obsbasicdemo\obs-studio\x64\debug\hotkey-edit.obj
c:\users\xiong\source\repos\obsbasicdemo\obs-studio\x64\debug\horizontal-scroll-area.obj
c:\users\xiong\source\repos\obsbasicdemo\obs-studio\x64\debug\focus-list.obj
c:\users\xiong\source\repos\obsbasicdemo\obs-studio\x64\debug\ffmpeg-utils.obj
c:\users\xiong\source\repos\obsbasicdemo\obs-studio\x64\debug\double-slider.obj
c:\users\xiong\source\repos\obsbasicdemo\obs-studio\x64\debug\context-bar-controls.obj
c:\users\xiong\source\repos\obsbasicdemo\obs-studio\x64\debug\auth-oauth.obj
c:\users\xiong\source\repos\obsbasicdemo\obs-studio\x64\debug\auth-listener.obj
c:\users\xiong\source\repos\obsbasicdemo\obs-studio\x64\debug\auth-base.obj
c:\users\xiong\source\repos\obsbasicdemo\obs-studio\x64\debug\audio-encoders.obj
c:\users\xiong\source\repos\obsbasicdemo\obs-studio\x64\debug\api-interface.obj
c:\users\xiong\source\repos\obsbasicdemo\obs-studio\x64\debug\adv-audio-control.obj
c:\users\xiong\source\repos\obsbasicdemo\obs-studio\x64\debug\moc_mute-checkbox.obj
c:\users\xiong\source\repos\obsbasicdemo\obs-studio\x64\debug\moc_menu-button.obj
c:\users\xiong\source\repos\obsbasicdemo\obs-studio\x64\debug\moc_media-slider.obj
c:\users\xiong\source\repos\obsbasicdemo\obs-studio\x64\debug\moc_media-controls.obj
c:\users\xiong\source\repos\obsbasicdemo\obs-studio\x64\debug\moc_log-viewer.obj
c:\users\xiong\source\repos\obsbasicdemo\obs-studio\x64\debug\moc_lineedit-autoresize.obj
c:\users\xiong\source\repos\obsbasicdemo\obs-studio\x64\debug\moc_hotkey-edit.obj
c:\users\xiong\source\repos\obsbasicdemo\obs-studio\x64\debug\moc_horizontal-scroll-area.obj
c:\users\xiong\source\repos\obsbasicdemo\obs-studio\x64\debug\moc_focus-list.obj
c:\users\xiong\source\repos\obsbasicdemo\obs-studio\x64\debug\moc_double-slider.obj
c:\users\xiong\source\repos\obsbasicdemo\obs-studio\x64\debug\moc_context-bar-controls.obj
c:\users\xiong\source\repos\obsbasicdemo\obs-studio\x64\debug\moc_clickable-label.obj
c:\users\xiong\source\repos\obsbasicdemo\obs-studio\x64\debug\moc_balance-slider.obj
c:\users\xiong\source\repos\obsbasicdemo\obs-studio\x64\debug\moc_auth-oauth.obj
c:\users\xiong\source\repos\obsbasicdemo\obs-studio\x64\debug\moc_auth-listener.obj
c:\users\xiong\source\repos\obsbasicdemo\obs-studio\x64\debug\moc_auth-base.obj
c:\users\xiong\source\repos\obsbasicdemo\obs-studio\x64\debug\moc_adv-audio-control.obj
c:\users\xiong\source\repos\obsbasicdemo\obs-studio\x64\debug\menu-button.obj
c:\users\xiong\source\repos\obsbasicdemo\obs-studio\x64\debug\media-slider.obj
c:\users\xiong\source\repos\obsbasicdemo\obs-studio\x64\debug\media-controls.obj
c:\users\xiong\source\repos\obsbasicdemo\obs-studio\x64\debug\moc_visibility-item-widget.obj
c:\users\xiong\source\repos\obsbasicdemo\obs-studio\x64\debug\moc_vertical-scroll-area.obj
c:\users\xiong\source\repos\obsbasicdemo\obs-studio\x64\debug\moc_url-push-button.obj
c:\users\xiong\source\repos\obsbasicdemo\obs-studio\x64\debug\moc_update-window.obj
c:\users\xiong\source\repos\obsbasicdemo\obs-studio\x64\debug\moc_undo-stack-obs.obj
c:\users\xiong\source\repos\obsbasicdemo\obs-studio\x64\debug\moc_ui-validation.obj
c:\users\xiong\source\repos\obsbasicdemo\obs-studio\x64\debug\moc_spinbox-ignorewheel.obj
c:\users\xiong\source\repos\obsbasicdemo\obs-studio\x64\debug\moc_source-tree.obj
c:\users\xiong\source\repos\obsbasicdemo\obs-studio\x64\debug\moc_source-label.obj
c:\users\xiong\source\repos\obsbasicdemo\obs-studio\x64\debug\moc_slider-ignorewheel.obj
c:\users\xiong\source\repos\obsbasicdemo\obs-studio\x64\debug\moc_shared-update.obj
c:\users\xiong\source\repos\obsbasicdemo\obs-studio\x64\debug\moc_screenshot-obj.obj
c:\users\xiong\source\repos\obsbasicdemo\obs-studio\x64\debug\moc_scene-tree.obj
c:\users\xiong\source\repos\obsbasicdemo\obs-studio\x64\debug\moc_remote-text.obj
c:\users\xiong\source\repos\obsbasicdemo\obs-studio\x64\debug\moc_record-button.obj
c:\users\xiong\source\repos\obsbasicdemo\obs-studio\x64\debug\moc_qt-display.obj
c:\users\xiong\source\repos\obsbasicdemo\obs-studio\x64\debug\moc_properties-view.moc.obj
c:\users\xiong\source\repos\obsbasicdemo\obs-studio\x64\debug\moc_properties-view.obj
c:\users\xiong\source\repos\obsbasicdemo\obs-studio\x64\debug\moc_plain-text-edit.obj
c:\users\xiong\source\repos\obsbasicdemo\obs-studio\x64\debug\moc_obs-app.obj
c:\users\xiong\source\repos\obsbasicdemo\obs-studio\x64\debug\moc_window-log-reply.obj
c:\users\xiong\source\repos\obsbasicdemo\obs-studio\x64\debug\moc_window-importer.obj
c:\users\xiong\source\repos\obsbasicdemo\obs-studio\x64\debug\moc_window-extra-browsers.obj
c:\users\xiong\source\repos\obsbasicdemo\obs-studio\x64\debug\moc_window-dock.obj
c:\users\xiong\source\repos\obsbasicdemo\obs-studio\x64\debug\moc_window-basic-vcam-config.obj
c:\users\xiong\source\repos\obsbasicdemo\obs-studio\x64\debug\moc_window-basic-transform.obj
c:\users\xiong\source\repos\obsbasicdemo\obs-studio\x64\debug\moc_window-basic-status-bar.obj
c:\users\xiong\source\repos\obsbasicdemo\obs-studio\x64\debug\moc_window-basic-stats.obj
c:\users\xiong\source\repos\obsbasicdemo\obs-studio\x64\debug\moc_window-basic-source-select.obj
c:\users\xiong\source\repos\obsbasicdemo\obs-studio\x64\debug\moc_window-basic-settings.obj
c:\users\xiong\source\repos\obsbasicdemo\obs-studio\x64\debug\moc_window-basic-properties.obj
c:\users\xiong\source\repos\obsbasicdemo\obs-studio\x64\debug\moc_window-basic-preview.obj
c:\users\xiong\source\repos\obsbasicdemo\obs-studio\x64\debug\moc_window-basic-main.obj
c:\users\xiong\source\repos\obsbasicdemo\obs-studio\x64\debug\moc_window-basic-interaction.obj
c:\users\xiong\source\repos\obsbasicdemo\obs-studio\x64\debug\moc_window-basic-filters.obj
c:\users\xiong\source\repos\obsbasicdemo\obs-studio\x64\debug\moc_window-basic-auto-config.obj
c:\users\xiong\source\repos\obsbasicdemo\obs-studio\x64\debug\moc_window-basic-adv-audio.obj
c:\users\xiong\source\repos\obsbasicdemo\obs-studio\x64\debug\moc_window-basic-about.obj
c:\users\xiong\source\repos\obsbasicdemo\obs-studio\x64\debug\moc_win-update.obj
c:\users\xiong\source\repos\obsbasicdemo\obs-studio\x64\debug\moc_volume-control.obj
c:\users\xiong\source\repos\obsbasicdemo\obs-studio\x64\debug\source-label.obj
c:\users\xiong\source\repos\obsbasicdemo\obs-studio\x64\debug\slider-ignorewheel.obj
c:\users\xiong\source\repos\obsbasicdemo\obs-studio\x64\debug\slider-absoluteset-style.obj
c:\users\xiong\source\repos\obsbasicdemo\obs-studio\x64\debug\scene-tree.obj
c:\users\xiong\source\repos\obsbasicdemo\obs-studio\x64\debug\remote-text.obj
c:\users\xiong\source\repos\obsbasicdemo\obs-studio\x64\debug\record-button.obj
c:\users\xiong\source\repos\obsbasicdemo\obs-studio\x64\debug\qt-wrappers.obj
c:\users\xiong\source\repos\obsbasicdemo\obs-studio\x64\debug\qt-display.obj
c:\users\xiong\source\repos\obsbasicdemo\obs-studio\x64\debug\properties-view.obj
c:\users\xiong\source\repos\obsbasicdemo\obs-studio\x64\debug\platform-windows.obj
c:\users\xiong\source\repos\obsbasicdemo\obs-studio\x64\debug\plain-text-edit.obj
c:\users\xiong\source\repos\obsbasicdemo\obs-studio\x64\debug\obs-proxy-style.obj
c:\users\xiong\source\repos\obsbasicdemo\obs-studio\x64\debug\obs-app.obj
c:\users\xiong\source\repos\obsbasicdemo\obs-studio\x64\debug\obs-app-theming.obj
c:\users\xiong\source\repos\obsbasicdemo\obs-studio\x64\debug\multiview.obj
c:\users\xiong\source\repos\obsbasicdemo\obs-studio\x64\debug\moc_window-remux.obj
c:\users\xiong\source\repos\obsbasicdemo\obs-studio\x64\debug\moc_window-projector.obj
c:\users\xiong\source\repos\obsbasicdemo\obs-studio\x64\debug\moc_window-namedialog.obj
c:\users\xiong\source\repos\obsbasicdemo\obs-studio\x64\debug\moc_window-missing-files.obj
c:\users\xiong\source\repos\obsbasicdemo\obs-studio\x64\debug\moc_window-main.obj
c:\users\xiong\source\repos\obsbasicdemo\obs-studio\x64\debug\window-basic-main-browser.obj
c:\users\xiong\source\repos\obsbasicdemo\obs-studio\x64\debug\window-basic-interaction.obj
c:\users\xiong\source\repos\obsbasicdemo\obs-studio\x64\debug\window-basic-filters.obj
c:\users\xiong\source\repos\obsbasicdemo\obs-studio\x64\debug\window-basic-auto-config.obj
c:\users\xiong\source\repos\obsbasicdemo\obs-studio\x64\debug\window-basic-auto-config-test.obj
c:\users\xiong\source\repos\obsbasicdemo\obs-studio\x64\debug\window-basic-adv-audio.obj
c:\users\xiong\source\repos\obsbasicdemo\obs-studio\x64\debug\window-basic-about.obj
c:\users\xiong\source\repos\obsbasicdemo\obs-studio\x64\debug\volume-control.obj
c:\users\xiong\source\repos\obsbasicdemo\obs-studio\x64\debug\visibility-item-widget.obj
c:\users\xiong\source\repos\obsbasicdemo\obs-studio\x64\debug\vertical-scroll-area.obj
c:\users\xiong\source\repos\obsbasicdemo\obs-studio\x64\debug\url-push-button.obj
c:\users\xiong\source\repos\obsbasicdemo\obs-studio\x64\debug\win-update.obj
c:\users\xiong\source\repos\obsbasicdemo\obs-studio\x64\debug\update-window.obj
c:\users\xiong\source\repos\obsbasicdemo\obs-studio\x64\debug\update-helpers.obj
c:\users\xiong\source\repos\obsbasicdemo\obs-studio\x64\debug\shared-update.obj
c:\users\xiong\source\repos\obsbasicdemo\obs-studio\x64\debug\crypto-helpers-mbedtls.obj
c:\users\xiong\source\repos\obsbasicdemo\obs-studio\x64\debug\undo-stack-obs.obj
c:\users\xiong\source\repos\obsbasicdemo\obs-studio\x64\debug\ui-validation.obj
c:\users\xiong\source\repos\obsbasicdemo\obs-studio\x64\debug\spinbox-ignorewheel.obj
c:\users\xiong\source\repos\obsbasicdemo\obs-studio\x64\debug\source-tree.obj
c:\users\xiong\source\repos\obsbasicdemo\obs-studio\x64\debug\window-dock-browser.obj
c:\users\xiong\source\repos\obsbasicdemo\obs-studio\x64\debug\window-basic-vcam-config.obj
c:\users\xiong\source\repos\obsbasicdemo\obs-studio\x64\debug\window-basic-transform.obj
c:\users\xiong\source\repos\obsbasicdemo\obs-studio\x64\debug\window-basic-status-bar.obj
c:\users\xiong\source\repos\obsbasicdemo\obs-studio\x64\debug\window-basic-stats.obj
c:\users\xiong\source\repos\obsbasicdemo\obs-studio\x64\debug\window-basic-source-select.obj
c:\users\xiong\source\repos\obsbasicdemo\obs-studio\x64\debug\window-basic-settings.obj
c:\users\xiong\source\repos\obsbasicdemo\obs-studio\x64\debug\window-basic-settings-stream.obj
c:\users\xiong\source\repos\obsbasicdemo\obs-studio\x64\debug\window-basic-settings-appearance.obj
c:\users\xiong\source\repos\obsbasicdemo\obs-studio\x64\debug\window-basic-settings-a11y.obj
c:\users\xiong\source\repos\obsbasicdemo\obs-studio\x64\debug\window-basic-properties.obj
c:\users\xiong\source\repos\obsbasicdemo\obs-studio\x64\debug\window-basic-preview.obj
c:\users\xiong\source\repos\obsbasicdemo\obs-studio\x64\debug\window-basic-main.obj
c:\users\xiong\source\repos\obsbasicdemo\obs-studio\x64\debug\window-basic-main-transitions.obj
c:\users\xiong\source\repos\obsbasicdemo\obs-studio\x64\debug\window-basic-main-screenshot.obj
c:\users\xiong\source\repos\obsbasicdemo\obs-studio\x64\debug\window-basic-main-scene-collections.obj
c:\users\xiong\source\repos\obsbasicdemo\obs-studio\x64\debug\window-basic-main-profiles.obj
c:\users\xiong\source\repos\obsbasicdemo\obs-studio\x64\debug\window-basic-main-outputs.obj
c:\users\xiong\source\repos\obsbasicdemo\obs-studio\x64\debug\window-basic-main-icons.obj
c:\users\xiong\source\repos\obsbasicdemo\obs-studio\x64\debug\window-basic-main-dropfiles.obj
c:\users\xiong\source\repos\obsbasicdemo\obs-studio\x64\debug\window-remux.obj
c:\users\xiong\source\repos\obsbasicdemo\obs-studio\x64\debug\window-projector.obj
c:\users\xiong\source\repos\obsbasicdemo\obs-studio\x64\debug\window-namedialog.obj
c:\users\xiong\source\repos\obsbasicdemo\obs-studio\x64\debug\window-missing-files.obj
c:\users\xiong\source\repos\obsbasicdemo\obs-studio\x64\debug\window-log-reply.obj
c:\users\xiong\source\repos\obsbasicdemo\obs-studio\x64\debug\window-importer.obj
c:\users\xiong\source\repos\obsbasicdemo\obs-studio\x64\debug\window-extra-browsers.obj
c:\users\xiong\source\repos\obsbasicdemo\obs-studio\x64\debug\window-dock.obj
c:\users\xiong\source\repos\obsbasicdemo\obs-studio\x64\debug\win-dll-blocklist.obj
c:\users\xiong\source\repos\obsbasicdemo\obs-studio\x64\debug\obf.obj
c:\users\xiong\source\repos\obsbasicdemo\x64\debug\obs-studio.exe
c:\users\xiong\source\repos\obsbasicdemo\obs-studio\x64\debug\obs-studio.ilk
c:\users\xiong\source\repos\obsbasicdemo\x64\debug\obs-studio.pdb
c:\users\xiong\source\repos\obsbasicdemo\x64\debug\obs-studio.lib
c:\users\xiong\source\repos\obsbasicdemo\x64\debug\obs-studio.exp
c:\users\xiong\source\repos\obsbasicdemo\obs-studio\x64\debug\obs-studio.tlog\cl.command.1.tlog
c:\users\xiong\source\repos\obsbasicdemo\obs-studio\x64\debug\obs-studio.tlog\cl.read.1.tlog
c:\users\xiong\source\repos\obsbasicdemo\obs-studio\x64\debug\obs-studio.tlog\cl.write.1.tlog
c:\users\xiong\source\repos\obsbasicdemo\obs-studio\x64\debug\obs-studio.tlog\link.command.1.tlog
c:\users\xiong\source\repos\obsbasicdemo\obs-studio\x64\debug\obs-studio.tlog\link.read.1.tlog
c:\users\xiong\source\repos\obsbasicdemo\obs-studio\x64\debug\obs-studio.tlog\link.write.1.tlog
c:\users\xiong\source\repos\obsbasicdemo\obs-studio\x64\debug\obs-studio.tlog\obs-studio.write.1u.tlog
