c:\users\xiong\source\repos\obsbasicdemo\decklink\x64\debug\vc142.pdb
c:\users\xiong\source\repos\obsbasicdemo\decklink\x64\debug\vc142.idb
c:\users\xiong\source\repos\obsbasicdemo\decklink\x64\debug\decklinkapi_i.obj
c:\users\xiong\source\repos\obsbasicdemo\decklink\x64\debug\audio-repack.obj
c:\users\xiong\source\repos\obsbasicdemo\decklink\x64\debug\platform.obj
c:\users\xiong\source\repos\obsbasicdemo\decklink\x64\debug\util.obj
c:\users\xiong\source\repos\obsbasicdemo\decklink\x64\debug\plugin-main.obj
c:\users\xiong\source\repos\obsbasicdemo\decklink\x64\debug\obsvideoframe.obj
c:\users\xiong\source\repos\obsbasicdemo\decklink\x64\debug\decklinkoutput.obj
c:\users\xiong\source\repos\obsbasicdemo\decklink\x64\debug\decklinkinput.obj
c:\users\xiong\source\repos\obsbasicdemo\decklink\x64\debug\decklinkbase.obj
c:\users\xiong\source\repos\obsbasicdemo\decklink\x64\debug\decklink-source.obj
c:\users\xiong\source\repos\obsbasicdemo\decklink\x64\debug\decklink-output.obj
c:\users\xiong\source\repos\obsbasicdemo\decklink\x64\debug\decklink-devices.obj
c:\users\xiong\source\repos\obsbasicdemo\decklink\x64\debug\decklink-device.obj
c:\users\xiong\source\repos\obsbasicdemo\decklink\x64\debug\decklink-device-mode.obj
c:\users\xiong\source\repos\obsbasicdemo\decklink\x64\debug\decklink-device-instance.obj
c:\users\xiong\source\repos\obsbasicdemo\decklink\x64\debug\decklink-device-discovery.obj
c:\users\xiong\source\repos\obsbasicdemo\x64\debug\decklink.lib
c:\users\xiong\source\repos\obsbasicdemo\x64\debug\decklink.exp
c:\users\xiong\source\repos\obsbasicdemo\obs-plugins\64bit\decklink.lib
c:\users\xiong\source\repos\obsbasicdemo\obs-plugins\64bit\decklink.exp
c:\users\xiong\source\repos\obsbasicdemo\obs-plugins\64bit\decklink.dll
c:\users\xiong\source\repos\obsbasicdemo\decklink\x64\debug\decklink.ilk
c:\users\xiong\source\repos\obsbasicdemo\obs-plugins\64bit\decklink.pdb
c:\users\xiong\source\repos\obsbasicdemo\decklink\x64\debug\decklink.tlb
c:\users\xiong\source\repos\obsbasicdemo\decklink\decklinkapi_i.c
c:\users\xiong\source\repos\obsbasicdemo\decklink\decklinkapi_h.h
c:\users\xiong\source\repos\obsbasicdemo\decklink\x64\debug\win-decklink.res
c:\users\xiong\source\repos\obsbasicdemo\decklink\x64\debug\decklink.tlog\cl.command.1.tlog
c:\users\xiong\source\repos\obsbasicdemo\decklink\x64\debug\decklink.tlog\cl.read.1.tlog
c:\users\xiong\source\repos\obsbasicdemo\decklink\x64\debug\decklink.tlog\cl.write.1.tlog
c:\users\xiong\source\repos\obsbasicdemo\decklink\x64\debug\decklink.tlog\decklink.write.1u.tlog
c:\users\xiong\source\repos\obsbasicdemo\decklink\x64\debug\decklink.tlog\link.command.1.tlog
c:\users\xiong\source\repos\obsbasicdemo\decklink\x64\debug\decklink.tlog\link.read.1.tlog
c:\users\xiong\source\repos\obsbasicdemo\decklink\x64\debug\decklink.tlog\link.write.1.tlog
c:\users\xiong\source\repos\obsbasicdemo\decklink\x64\debug\decklink.tlog\midl.command.1.tlog
c:\users\xiong\source\repos\obsbasicdemo\decklink\x64\debug\decklink.tlog\midl.read.1.tlog
c:\users\xiong\source\repos\obsbasicdemo\decklink\x64\debug\decklink.tlog\midl.write.1.tlog
c:\users\xiong\source\repos\obsbasicdemo\decklink\x64\debug\decklink.tlog\rc.command.1.tlog
c:\users\xiong\source\repos\obsbasicdemo\decklink\x64\debug\decklink.tlog\rc.read.1.tlog
c:\users\xiong\source\repos\obsbasicdemo\decklink\x64\debug\decklink.tlog\rc.write.1.tlog
