c:\users\xiong\source\repos\obsbasicdemo\libobs\x64\debug\effect-parser.obj
c:\users\xiong\source\repos\obsbasicdemo\libobs\x64\debug\texture-render.obj
c:\users\xiong\source\repos\obsbasicdemo\libobs\x64\debug\obs-audio-controls.obj
c:\users\xiong\source\repos\obsbasicdemo\libobs\x64\debug\obs-scene.obj
c:\users\xiong\source\repos\obsbasicdemo\libobs\x64\debug\config-file.obj
c:\users\xiong\source\repos\obsbasicdemo\libobs\x64\debug\obfuscate.obj
c:\users\xiong\source\repos\obsbasicdemo\libobs\x64\debug\bounds.obj
c:\users\xiong\source\repos\obsbasicdemo\libobs\x64\debug\matrix4.obj
c:\users\xiong\source\repos\obsbasicdemo\libobs\x64\debug\video-frame.obj
c:\users\xiong\source\repos\obsbasicdemo\libobs\x64\debug\obs-encoder.obj
c:\users\xiong\source\repos\obsbasicdemo\libobs\x64\debug\obs-source.obj
c:\users\xiong\source\repos\obsbasicdemo\libobs\x64\debug\crc32.obj
c:\users\xiong\source\repos\obsbasicdemo\libobs\x64\debug\pipe.obj
c:\users\xiong\source\repos\obsbasicdemo\libobs\x64\debug\wasapi-enum-devices.obj
c:\users\xiong\source\repos\obsbasicdemo\libobs\x64\debug\dstr.obj
c:\users\xiong\source\repos\obsbasicdemo\libobs\x64\debug\window-helpers.obj
c:\users\xiong\source\repos\obsbasicdemo\libobs\x64\debug\wasapi-monitoring-available.obj
c:\users\xiong\source\repos\obsbasicdemo\libobs\x64\debug\obs-data.obj
c:\users\xiong\source\repos\obsbasicdemo\libobs\x64\debug\obs-output.obj
c:\users\xiong\source\repos\obsbasicdemo\libobs\x64\debug\bmem.obj
c:\users\xiong\source\repos\obsbasicdemo\libobs\x64\debug\threading-windows.obj
c:\users\xiong\source\repos\obsbasicdemo\libobs\x64\debug\signal.obj
c:\users\xiong\source\repos\obsbasicdemo\libobs\x64\debug\vec3.obj
c:\users\xiong\source\repos\obsbasicdemo\libobs\x64\debug\video-matrices.obj
c:\users\xiong\source\repos\obsbasicdemo\libobs\x64\debug\obs-hevc.obj
c:\users\xiong\source\repos\obsbasicdemo\libobs\x64\debug\obs-source-transition.obj
c:\users\xiong\source\repos\obsbasicdemo\libobs\x64\debug\array-serializer.obj
c:\users\xiong\source\repos\obsbasicdemo\libobs\x64\debug\lexer.obj
c:\users\xiong\source\repos\obsbasicdemo\libobs\x64\debug\device-enum.obj
c:\users\xiong\source\repos\obsbasicdemo\libobs\x64\debug\calldata.obj
c:\users\xiong\source\repos\obsbasicdemo\libobs\x64\debug\math-extra.obj
c:\users\xiong\source\repos\obsbasicdemo\libobs\x64\debug\audio-io.obj
c:\users\xiong\source\repos\obsbasicdemo\libobs\x64\debug\obs-video-gpu-encode.obj
c:\users\xiong\source\repos\obsbasicdemo\libobs\x64\debug\platform-windows.obj
c:\users\xiong\source\repos\obsbasicdemo\libobs\x64\debug\image-file.obj
c:\users\xiong\source\repos\obsbasicdemo\libobs\x64\debug\shader-parser.obj
c:\users\xiong\source\repos\obsbasicdemo\libobs\x64\debug\obs-display.obj
c:\users\xiong\source\repos\obsbasicdemo\libobs\x64\debug\obs-source-deinterlace.obj
c:\users\xiong\source\repos\obsbasicdemo\libobs\x64\debug\cf-parser.obj
c:\users\xiong\source\repos\obsbasicdemo\libobs\x64\debug\platform.obj
c:\users\xiong\source\repos\obsbasicdemo\libobs\x64\debug\axisang.obj
c:\users\xiong\source\repos\obsbasicdemo\libobs\x64\debug\matrix3.obj
c:\users\xiong\source\repos\obsbasicdemo\libobs\x64\debug\audio-resampler-ffmpeg.obj
c:\users\xiong\source\repos\obsbasicdemo\libobs\x64\debug\obs-hotkey-name-map.obj
c:\users\xiong\source\repos\obsbasicdemo\libobs\x64\debug\obs-win-crash-handler.obj
c:\users\xiong\source\repos\obsbasicdemo\libobs\x64\debug\wasapi-output.obj
c:\users\xiong\source\repos\obsbasicdemo\libobs\x64\debug\task.obj
c:\users\xiong\source\repos\obsbasicdemo\libobs\x64\debug\graphics-imports.obj
c:\users\xiong\source\repos\obsbasicdemo\libobs\x64\debug\media-remux.obj
c:\users\xiong\source\repos\obsbasicdemo\libobs\x64\debug\obs-hotkey.obj
c:\users\xiong\source\repos\obsbasicdemo\libobs\x64\debug\obs-view.obj
c:\users\xiong\source\repos\obsbasicdemo\libobs\x64\debug\profiler.obj
c:\users\xiong\source\repos\obsbasicdemo\libobs\x64\debug\graphics-ffmpeg.obj
c:\users\xiong\source\repos\obsbasicdemo\libobs\x64\debug\base.obj
c:\users\xiong\source\repos\obsbasicdemo\libobs\x64\debug\pipe-windows.obj
c:\users\xiong\source\repos\obsbasicdemo\libobs\x64\debug\proc.obj
c:\users\xiong\source\repos\obsbasicdemo\libobs\x64\debug\vec2.obj
c:\users\xiong\source\repos\obsbasicdemo\libobs\x64\debug\video-io.obj
c:\users\xiong\source\repos\obsbasicdemo\libobs\x64\debug\obs-missing-files.obj
c:\users\xiong\source\repos\obsbasicdemo\libobs\x64\debug\obs-video.obj
c:\users\xiong\source\repos\obsbasicdemo\libobs\x64\debug\libnsgif.obj
c:\users\xiong\source\repos\obsbasicdemo\libobs\x64\debug\plane.obj
c:\users\xiong\source\repos\obsbasicdemo\libobs\x64\debug\vec4.obj
c:\users\xiong\source\repos\obsbasicdemo\libobs\x64\debug\video-scaler-ffmpeg.obj
c:\users\xiong\source\repos\obsbasicdemo\libobs\x64\debug\obs-module.obj
c:\users\xiong\source\repos\obsbasicdemo\libobs\x64\debug\obs-windows.obj
c:\users\xiong\source\repos\obsbasicdemo\libobs\x64\debug\decl.obj
c:\users\xiong\source\repos\obsbasicdemo\libobs\x64\debug\quat.obj
c:\users\xiong\source\repos\obsbasicdemo\libobs\x64\debug\format-conversion.obj
c:\users\xiong\source\repos\obsbasicdemo\libobs\x64\debug\obs-avc.obj
c:\users\xiong\source\repos\obsbasicdemo\libobs\x64\debug\obs-output-delay.obj
c:\users\xiong\source\repos\obsbasicdemo\libobs\x64\debug\obs.obj
c:\users\xiong\source\repos\obsbasicdemo\libobs\x64\debug\graphics.obj
c:\users\xiong\source\repos\obsbasicdemo\libobs\x64\debug\obs-audio.obj
c:\users\xiong\source\repos\obsbasicdemo\libobs\x64\debug\obs-service.obj
c:\users\xiong\source\repos\obsbasicdemo\libobs\x64\debug\cf-lexer.obj
c:\users\xiong\source\repos\obsbasicdemo\libobs\x64\debug\text-lookup.obj
c:\users\xiong\source\repos\obsbasicdemo\libobs\x64\debug\effect.obj
c:\users\xiong\source\repos\obsbasicdemo\libobs\x64\debug\video-fourcc.obj
c:\users\xiong\source\repos\obsbasicdemo\libobs\x64\debug\obs-av1.obj
c:\users\xiong\source\repos\obsbasicdemo\libobs\x64\debug\obs-nal.obj
c:\users\xiong\source\repos\obsbasicdemo\libobs\x64\debug\obs-properties.obj
c:\users\xiong\source\repos\obsbasicdemo\libobs\x64\debug\bitstream.obj
c:\users\xiong\source\repos\obsbasicdemo\libobs\x64\debug\file-serializer.obj
c:\users\xiong\source\repos\obsbasicdemo\libobs\x64\debug\utf8.obj
c:\users\xiong\source\repos\obsbasicdemo\libobs\x64\debug\vc142.pdb
c:\users\xiong\source\repos\obsbasicdemo\x64\debug\libobs.lib
c:\users\xiong\source\repos\obsbasicdemo\x64\debug\libobs.exp
c:\users\xiong\source\repos\obsbasicdemo\x64\debug\libobs.dll
c:\users\xiong\source\repos\obsbasicdemo\libobs\x64\debug\libobs.ilk
c:\users\xiong\source\repos\obsbasicdemo\x64\debug\libobs.pdb
c:\users\xiong\source\repos\obsbasicdemo\libobs\x64\debug\obs-windows.new.obj.enc
c:\users\xiong\source\repos\obsbasicdemo\libobs\x64\debug\platform-windows.obj.enc
c:\users\xiong\source\repos\obsbasicdemo\libobs\x64\debug\vc142.idb
c:\users\xiong\source\repos\obsbasicdemo\libobs\x64\debug\libobs.tlog\cl.command.1.tlog
c:\users\xiong\source\repos\obsbasicdemo\libobs\x64\debug\libobs.tlog\cl.read.1.tlog
c:\users\xiong\source\repos\obsbasicdemo\libobs\x64\debug\libobs.tlog\cl.write.1.tlog
c:\users\xiong\source\repos\obsbasicdemo\libobs\x64\debug\libobs.tlog\libobs.write.1u.tlog
c:\users\xiong\source\repos\obsbasicdemo\libobs\x64\debug\libobs.tlog\link.command.1.tlog
c:\users\xiong\source\repos\obsbasicdemo\libobs\x64\debug\libobs.tlog\link.read.1.tlog
c:\users\xiong\source\repos\obsbasicdemo\libobs\x64\debug\libobs.tlog\link.write.1.tlog
