c:\users\xiong\source\repos\obsbasicdemo\obs-outputs\x64\debug\vc142.pdb
c:\users\xiong\source\repos\obsbasicdemo\obs-outputs\x64\debug\vc142.idb
c:\users\xiong\source\repos\obsbasicdemo\obs-outputs\x64\debug\rtmp.obj
c:\users\xiong\source\repos\obsbasicdemo\obs-outputs\x64\debug\rtmp-windows.obj
c:\users\xiong\source\repos\obsbasicdemo\obs-outputs\x64\debug\rtmp-stream.obj
c:\users\xiong\source\repos\obsbasicdemo\obs-outputs\x64\debug\rtmp-hevc.obj
c:\users\xiong\source\repos\obsbasicdemo\obs-outputs\x64\debug\rtmp-av1.obj
c:\users\xiong\source\repos\obsbasicdemo\obs-outputs\x64\debug\parseurl.obj
c:\users\xiong\source\repos\obsbasicdemo\obs-outputs\x64\debug\obs-outputs.obj
c:\users\xiong\source\repos\obsbasicdemo\obs-outputs\x64\debug\null-output.obj
c:\users\xiong\source\repos\obsbasicdemo\obs-outputs\x64\debug\net-if.obj
c:\users\xiong\source\repos\obsbasicdemo\obs-outputs\x64\debug\md5.obj
c:\users\xiong\source\repos\obsbasicdemo\obs-outputs\x64\debug\log.obj
c:\users\xiong\source\repos\obsbasicdemo\obs-outputs\x64\debug\hashswf.obj
c:\users\xiong\source\repos\obsbasicdemo\obs-outputs\x64\debug\ftl-stream.obj
c:\users\xiong\source\repos\obsbasicdemo\obs-outputs\x64\debug\flv-output.obj
c:\users\xiong\source\repos\obsbasicdemo\obs-outputs\x64\debug\flv-mux.obj
c:\users\xiong\source\repos\obsbasicdemo\obs-outputs\x64\debug\cencode.obj
c:\users\xiong\source\repos\obsbasicdemo\obs-outputs\x64\debug\amf.obj
c:\users\xiong\source\repos\obsbasicdemo\obs-outputs\x64\debug\obs-outputs.ilk
c:\users\xiong\source\repos\obsbasicdemo\obs-plugins\64bit\obs-outputs.dll
c:\users\xiong\source\repos\obsbasicdemo\obs-plugins\64bit\obs-outputs.pdb
c:\users\xiong\source\repos\obsbasicdemo\x64\debug\obs-outputs.lib
c:\users\xiong\source\repos\obsbasicdemo\x64\debug\obs-outputs.exp
c:\users\xiong\source\repos\obsbasicdemo\obs-plugins\64bit\obs-outputs.lib
c:\users\xiong\source\repos\obsbasicdemo\obs-plugins\64bit\obs-outputs.exp
c:\users\xiong\source\repos\obsbasicdemo\obs-outputs\x64\debug\obs-outputs.tlog\cl.command.1.tlog
c:\users\xiong\source\repos\obsbasicdemo\obs-outputs\x64\debug\obs-outputs.tlog\cl.read.1.tlog
c:\users\xiong\source\repos\obsbasicdemo\obs-outputs\x64\debug\obs-outputs.tlog\cl.write.1.tlog
c:\users\xiong\source\repos\obsbasicdemo\obs-outputs\x64\debug\obs-outputs.tlog\link.command.1.tlog
c:\users\xiong\source\repos\obsbasicdemo\obs-outputs\x64\debug\obs-outputs.tlog\link.read.1.tlog
c:\users\xiong\source\repos\obsbasicdemo\obs-outputs\x64\debug\obs-outputs.tlog\link.write.1.tlog
c:\users\xiong\source\repos\obsbasicdemo\obs-outputs\x64\debug\obs-outputs.tlog\obs-outputs.write.1u.tlog
