c:\users\xiong\source\repos\obsbasicdemo\x64\debug\aja.lib
c:\users\xiong\source\repos\obsbasicdemo\x64\debug\aja.exp
c:\users\xiong\source\repos\obsbasicdemo\obs-plugins\64bit\aja.lib
c:\users\xiong\source\repos\obsbasicdemo\obs-plugins\64bit\aja.exp
c:\users\xiong\source\repos\obsbasicdemo\aja\x64\debug\vc142.pdb
c:\users\xiong\source\repos\obsbasicdemo\aja\x64\debug\vc142.idb
c:\users\xiong\source\repos\obsbasicdemo\aja\x64\debug\main.obj
c:\users\xiong\source\repos\obsbasicdemo\aja\x64\debug\aja-widget-io.obj
c:\users\xiong\source\repos\obsbasicdemo\aja\x64\debug\aja-vpid-data.obj
c:\users\xiong\source\repos\obsbasicdemo\aja\x64\debug\aja-source.obj
c:\users\xiong\source\repos\obsbasicdemo\aja\x64\debug\aja-routing.obj
c:\users\xiong\source\repos\obsbasicdemo\aja\x64\debug\aja-props.obj
c:\users\xiong\source\repos\obsbasicdemo\aja\x64\debug\aja-presets.obj
c:\users\xiong\source\repos\obsbasicdemo\aja\x64\debug\aja-output.obj
c:\users\xiong\source\repos\obsbasicdemo\aja\x64\debug\aja-common.obj
c:\users\xiong\source\repos\obsbasicdemo\aja\x64\debug\aja-card-manager.obj
c:\users\xiong\source\repos\obsbasicdemo\aja\x64\debug\audio-repack.obj
c:\users\xiong\source\repos\obsbasicdemo\aja\x64\debug\aja.ilk
c:\users\xiong\source\repos\obsbasicdemo\obs-plugins\64bit\aja.dll
c:\users\xiong\source\repos\obsbasicdemo\obs-plugins\64bit\aja.pdb
c:\users\xiong\source\repos\obsbasicdemo\aja\x64\debug\aja.tlog\aja.write.1u.tlog
c:\users\xiong\source\repos\obsbasicdemo\aja\x64\debug\aja.tlog\cl.command.1.tlog
c:\users\xiong\source\repos\obsbasicdemo\aja\x64\debug\aja.tlog\cl.read.1.tlog
c:\users\xiong\source\repos\obsbasicdemo\aja\x64\debug\aja.tlog\cl.write.1.tlog
c:\users\xiong\source\repos\obsbasicdemo\aja\x64\debug\aja.tlog\link.command.1.tlog
c:\users\xiong\source\repos\obsbasicdemo\aja\x64\debug\aja.tlog\link.read.1.tlog
c:\users\xiong\source\repos\obsbasicdemo\aja\x64\debug\aja.tlog\link.write.1.tlog
