c:\users\xiong\source\repos\obsbasicdemo\obs-vst\x64\debug\vc142.pdb
c:\users\xiong\source\repos\obsbasicdemo\obs-vst\x64\debug\vc142.idb
c:\users\xiong\source\repos\obsbasicdemo\obs-vst\x64\debug\obs-vst.obj
c:\users\xiong\source\repos\obsbasicdemo\obs-vst\x64\debug\moc_vstplugin.obj
c:\users\xiong\source\repos\obsbasicdemo\obs-vst\x64\debug\vstplugin.obj
c:\users\xiong\source\repos\obsbasicdemo\obs-vst\x64\debug\vstplugin-win.obj
c:\users\xiong\source\repos\obsbasicdemo\obs-vst\x64\debug\editorwidget.obj
c:\users\xiong\source\repos\obsbasicdemo\obs-vst\x64\debug\editorwidget-win.obj
c:\users\xiong\source\repos\obsbasicdemo\obs-vst\x64\debug\obs-vst.ilk
c:\users\xiong\source\repos\obsbasicdemo\obs-plugins\64bit\obs-vst.dll
c:\users\xiong\source\repos\obsbasicdemo\obs-plugins\64bit\obs-vst.pdb
c:\users\xiong\source\repos\obsbasicdemo\x64\debug\obs-vst.lib
c:\users\xiong\source\repos\obsbasicdemo\x64\debug\obs-vst.exp
c:\users\xiong\source\repos\obsbasicdemo\obs-plugins\64bit\obs-vst.lib
c:\users\xiong\source\repos\obsbasicdemo\obs-plugins\64bit\obs-vst.exp
c:\users\xiong\source\repos\obsbasicdemo\obs-vst\x64\debug\obs-vst.tlog\cl.command.1.tlog
c:\users\xiong\source\repos\obsbasicdemo\obs-vst\x64\debug\obs-vst.tlog\cl.read.1.tlog
c:\users\xiong\source\repos\obsbasicdemo\obs-vst\x64\debug\obs-vst.tlog\cl.write.1.tlog
c:\users\xiong\source\repos\obsbasicdemo\obs-vst\x64\debug\obs-vst.tlog\link.command.1.tlog
c:\users\xiong\source\repos\obsbasicdemo\obs-vst\x64\debug\obs-vst.tlog\link.read.1.tlog
c:\users\xiong\source\repos\obsbasicdemo\obs-vst\x64\debug\obs-vst.tlog\link.write.1.tlog
c:\users\xiong\source\repos\obsbasicdemo\obs-vst\x64\debug\obs-vst.tlog\obs-vst.write.1u.tlog
