c:\users\xiong\source\repos\obsbasicdemo\obs-plugins\64bit\ftl-sdk.pdb
c:\users\xiong\source\repos\obsbasicdemo\obs-plugins\64bit\ftl-sdk.idb
c:\users\xiong\source\repos\obsbasicdemo\ftl-sdk\x64\debug\threads.obj
c:\users\xiong\source\repos\obsbasicdemo\ftl-sdk\x64\debug\socket.obj
c:\users\xiong\source\repos\obsbasicdemo\ftl-sdk\x64\debug\sha2.obj
c:\users\xiong\source\repos\obsbasicdemo\ftl-sdk\x64\debug\media.obj
c:\users\xiong\source\repos\obsbasicdemo\ftl-sdk\x64\debug\logging.obj
c:\users\xiong\source\repos\obsbasicdemo\ftl-sdk\x64\debug\ingest.obj
c:\users\xiong\source\repos\obsbasicdemo\ftl-sdk\x64\debug\hmac.obj
c:\users\xiong\source\repos\obsbasicdemo\ftl-sdk\x64\debug\handshake.obj
c:\users\xiong\source\repos\obsbasicdemo\ftl-sdk\x64\debug\gettimeofday.obj
c:\users\xiong\source\repos\obsbasicdemo\ftl-sdk\x64\debug\ftl_helpers.obj
c:\users\xiong\source\repos\obsbasicdemo\ftl-sdk\x64\debug\ftl-sdk.obj
c:\users\xiong\source\repos\obsbasicdemo\obs-plugins\64bit\ftl-sdk.lib
c:\users\xiong\source\repos\obsbasicdemo\ftl-sdk\x64\debug\ftl-sdk.tlog\cl.command.1.tlog
c:\users\xiong\source\repos\obsbasicdemo\ftl-sdk\x64\debug\ftl-sdk.tlog\cl.read.1.tlog
c:\users\xiong\source\repos\obsbasicdemo\ftl-sdk\x64\debug\ftl-sdk.tlog\cl.write.1.tlog
c:\users\xiong\source\repos\obsbasicdemo\ftl-sdk\x64\debug\ftl-sdk.tlog\lib-link.read.1.tlog
c:\users\xiong\source\repos\obsbasicdemo\ftl-sdk\x64\debug\ftl-sdk.tlog\lib-link.write.1.tlog
c:\users\xiong\source\repos\obsbasicdemo\ftl-sdk\x64\debug\ftl-sdk.tlog\lib.command.1.tlog
