c:\users\xiong\source\repos\obsbasicdemo\updater\x64\debug\vc142.pdb
c:\users\xiong\source\repos\obsbasicdemo\updater\x64\debug\vc142.idb
c:\users\xiong\source\repos\obsbasicdemo\updater\x64\debug\updater.obj
c:\users\xiong\source\repos\obsbasicdemo\updater\x64\debug\patch.obj
c:\users\xiong\source\repos\obsbasicdemo\updater\x64\debug\http.obj
c:\users\xiong\source\repos\obsbasicdemo\updater\x64\debug\helpers.obj
c:\users\xiong\source\repos\obsbasicdemo\updater\x64\debug\hash.obj
c:\users\xiong\source\repos\obsbasicdemo\updater\x64\debug\init-hook-files.obj
c:\users\xiong\source\repos\obsbasicdemo\updater\x64\debug\updater.ilk
c:\users\xiong\source\repos\obsbasicdemo\x64\debug\updater.exe
c:\users\xiong\source\repos\obsbasicdemo\x64\debug\updater.pdb
c:\users\xiong\source\repos\obsbasicdemo\updater\x64\debug\updater.res
c:\users\xiong\source\repos\obsbasicdemo\updater\x64\debug\updater.exe.embed.manifest.res
c:\users\xiong\source\repos\obsbasicdemo\updater\x64\debug\updater.exe.embed.manifest
c:\users\xiong\source\repos\obsbasicdemo\updater\x64\debug\updater_manifest.rc
c:\users\xiong\source\repos\obsbasicdemo\updater\x64\debug\updater.tlog\cl.command.1.tlog
c:\users\xiong\source\repos\obsbasicdemo\updater\x64\debug\updater.tlog\cl.read.1.tlog
c:\users\xiong\source\repos\obsbasicdemo\updater\x64\debug\updater.tlog\cl.write.1.tlog
c:\users\xiong\source\repos\obsbasicdemo\updater\x64\debug\updater.tlog\link.command.1.tlog
c:\users\xiong\source\repos\obsbasicdemo\updater\x64\debug\updater.tlog\link.read.1.tlog
c:\users\xiong\source\repos\obsbasicdemo\updater\x64\debug\updater.tlog\link.write.1.tlog
c:\users\xiong\source\repos\obsbasicdemo\updater\x64\debug\updater.tlog\rc.command.1.tlog
c:\users\xiong\source\repos\obsbasicdemo\updater\x64\debug\updater.tlog\rc.read.1.tlog
c:\users\xiong\source\repos\obsbasicdemo\updater\x64\debug\updater.tlog\rc.write.1.tlog
