c:\users\xiong\source\repos\obsbasicdemo\rtmp-services\x64\debug\vc142.pdb
c:\users\xiong\source\repos\obsbasicdemo\rtmp-services\x64\debug\vc142.idb
c:\users\xiong\source\repos\obsbasicdemo\rtmp-services\x64\debug\younow.obj
c:\users\xiong\source\repos\obsbasicdemo\rtmp-services\x64\debug\twitch.obj
c:\users\xiong\source\repos\obsbasicdemo\rtmp-services\x64\debug\showroom.obj
c:\users\xiong\source\repos\obsbasicdemo\rtmp-services\x64\debug\rtmp-services-main.obj
c:\users\xiong\source\repos\obsbasicdemo\rtmp-services\x64\debug\rtmp-custom.obj
c:\users\xiong\source\repos\obsbasicdemo\rtmp-services\x64\debug\rtmp-common.obj
c:\users\xiong\source\repos\obsbasicdemo\rtmp-services\x64\debug\nimotv.obj
c:\users\xiong\source\repos\obsbasicdemo\rtmp-services\x64\debug\file-updater.obj
c:\users\xiong\source\repos\obsbasicdemo\rtmp-services\x64\debug\dacast.obj
c:\users\xiong\source\repos\obsbasicdemo\rtmp-services\x64\debug\rtmp-services.ilk
c:\users\xiong\source\repos\obsbasicdemo\obs-plugins\64bit\rtmp-services.dll
c:\users\xiong\source\repos\obsbasicdemo\obs-plugins\64bit\rtmp-services.pdb
c:\users\xiong\source\repos\obsbasicdemo\x64\debug\rtmp-services.lib
c:\users\xiong\source\repos\obsbasicdemo\x64\debug\rtmp-services.exp
c:\users\xiong\source\repos\obsbasicdemo\obs-plugins\64bit\rtmp-services.lib
c:\users\xiong\source\repos\obsbasicdemo\obs-plugins\64bit\rtmp-services.exp
c:\users\xiong\source\repos\obsbasicdemo\rtmp-services\x64\debug\rtmp-services.tlog\cl.command.1.tlog
c:\users\xiong\source\repos\obsbasicdemo\rtmp-services\x64\debug\rtmp-services.tlog\cl.read.1.tlog
c:\users\xiong\source\repos\obsbasicdemo\rtmp-services\x64\debug\rtmp-services.tlog\cl.write.1.tlog
c:\users\xiong\source\repos\obsbasicdemo\rtmp-services\x64\debug\rtmp-services.tlog\link.command.1.tlog
c:\users\xiong\source\repos\obsbasicdemo\rtmp-services\x64\debug\rtmp-services.tlog\link.read.1.tlog
c:\users\xiong\source\repos\obsbasicdemo\rtmp-services\x64\debug\rtmp-services.tlog\link.write.1.tlog
c:\users\xiong\source\repos\obsbasicdemo\rtmp-services\x64\debug\rtmp-services.tlog\rtmp-services.write.1u.tlog
