c:\users\xiong\source\repos\obsbasicdemo\x64\debug\aja-output-ui.lib
c:\users\xiong\source\repos\obsbasicdemo\x64\debug\aja-output-ui.exp
c:\users\xiong\source\repos\obsbasicdemo\aja-output-ui\x64\debug\vc142.pdb
c:\users\xiong\source\repos\obsbasicdemo\aja-output-ui\x64\debug\vc142.idb
c:\users\xiong\source\repos\obsbasicdemo\aja-output-ui\x64\debug\moc_slider-ignorewheel.obj
c:\users\xiong\source\repos\obsbasicdemo\aja-output-ui\x64\debug\moc_properties-view.moc.obj
c:\users\xiong\source\repos\obsbasicdemo\aja-output-ui\x64\debug\moc_properties-view.obj
c:\users\xiong\source\repos\obsbasicdemo\aja-output-ui\x64\debug\moc_plain-text-edit.obj
c:\users\xiong\source\repos\obsbasicdemo\aja-output-ui\x64\debug\moc_horizontal-scroll-area.obj
c:\users\xiong\source\repos\obsbasicdemo\aja-output-ui\x64\debug\moc_double-slider.obj
c:\users\xiong\source\repos\obsbasicdemo\aja-output-ui\x64\debug\moc_ajaoutputui.obj
c:\users\xiong\source\repos\obsbasicdemo\aja-output-ui\x64\debug\horizontal-scroll-area.obj
c:\users\xiong\source\repos\obsbasicdemo\aja-output-ui\x64\debug\double-slider.obj
c:\users\xiong\source\repos\obsbasicdemo\aja-output-ui\x64\debug\ajaoutputui.obj
c:\users\xiong\source\repos\obsbasicdemo\aja-output-ui\x64\debug\aja-widget-io.obj
c:\users\xiong\source\repos\obsbasicdemo\aja-output-ui\x64\debug\aja-vpid-data.obj
c:\users\xiong\source\repos\obsbasicdemo\aja-output-ui\x64\debug\aja-ui-main.obj
c:\users\xiong\source\repos\obsbasicdemo\aja-output-ui\x64\debug\aja-source.obj
c:\users\xiong\source\repos\obsbasicdemo\aja-output-ui\x64\debug\aja-routing.obj
c:\users\xiong\source\repos\obsbasicdemo\aja-output-ui\x64\debug\aja-props.obj
c:\users\xiong\source\repos\obsbasicdemo\aja-output-ui\x64\debug\aja-presets.obj
c:\users\xiong\source\repos\obsbasicdemo\aja-output-ui\x64\debug\aja-output.obj
c:\users\xiong\source\repos\obsbasicdemo\aja-output-ui\x64\debug\aja-common.obj
c:\users\xiong\source\repos\obsbasicdemo\aja-output-ui\x64\debug\aja-card-manager.obj
c:\users\xiong\source\repos\obsbasicdemo\aja-output-ui\x64\debug\vertical-scroll-area.obj
c:\users\xiong\source\repos\obsbasicdemo\aja-output-ui\x64\debug\spinbox-ignorewheel.obj
c:\users\xiong\source\repos\obsbasicdemo\aja-output-ui\x64\debug\slider-ignorewheel.obj
c:\users\xiong\source\repos\obsbasicdemo\aja-output-ui\x64\debug\qt-wrappers.obj
c:\users\xiong\source\repos\obsbasicdemo\aja-output-ui\x64\debug\properties-view.obj
c:\users\xiong\source\repos\obsbasicdemo\aja-output-ui\x64\debug\plain-text-edit.obj
c:\users\xiong\source\repos\obsbasicdemo\aja-output-ui\x64\debug\moc_vertical-scroll-area.obj
c:\users\xiong\source\repos\obsbasicdemo\aja-output-ui\x64\debug\moc_spinbox-ignorewheel.obj
c:\users\xiong\source\repos\obsbasicdemo\aja-output-ui\x64\debug\audio-repack.obj
c:\users\xiong\source\repos\obsbasicdemo\x64\debug\aja-output-ui.dll
c:\users\xiong\source\repos\obsbasicdemo\aja-output-ui\x64\debug\aja-output-ui.ilk
c:\users\xiong\source\repos\obsbasicdemo\x64\debug\aja-output-ui.pdb
c:\users\xiong\source\repos\obsbasicdemo\aja-output-ui\x64\debug\aja-output-ui.tlog\aja-output-ui.write.1u.tlog
c:\users\xiong\source\repos\obsbasicdemo\aja-output-ui\x64\debug\aja-output-ui.tlog\cl.command.1.tlog
c:\users\xiong\source\repos\obsbasicdemo\aja-output-ui\x64\debug\aja-output-ui.tlog\cl.read.1.tlog
c:\users\xiong\source\repos\obsbasicdemo\aja-output-ui\x64\debug\aja-output-ui.tlog\cl.write.1.tlog
c:\users\xiong\source\repos\obsbasicdemo\aja-output-ui\x64\debug\aja-output-ui.tlog\link.command.1.tlog
c:\users\xiong\source\repos\obsbasicdemo\aja-output-ui\x64\debug\aja-output-ui.tlog\link.read.1.tlog
c:\users\xiong\source\repos\obsbasicdemo\aja-output-ui\x64\debug\aja-output-ui.tlog\link.write.1.tlog
