c:\users\xiong\source\repos\obsbasicdemo\frontend-tools\x64\debug\vc142.pdb
c:\users\xiong\source\repos\obsbasicdemo\frontend-tools\x64\debug\vc142.idb
c:\users\xiong\source\repos\obsbasicdemo\frontend-tools\x64\debug\moc_spinbox-ignorewheel.obj
c:\users\xiong\source\repos\obsbasicdemo\frontend-tools\x64\debug\moc_slider-ignorewheel.obj
c:\users\xiong\source\repos\obsbasicdemo\frontend-tools\x64\debug\moc_scripts.obj
c:\users\xiong\source\repos\obsbasicdemo\frontend-tools\x64\debug\moc_properties-view.moc.obj
c:\users\xiong\source\repos\obsbasicdemo\frontend-tools\x64\debug\moc_properties-view.obj
c:\users\xiong\source\repos\obsbasicdemo\frontend-tools\x64\debug\moc_plain-text-edit.obj
c:\users\xiong\source\repos\obsbasicdemo\frontend-tools\x64\debug\moc_output-timer.obj
c:\users\xiong\source\repos\obsbasicdemo\frontend-tools\x64\debug\moc_horizontal-scroll-area.obj
c:\users\xiong\source\repos\obsbasicdemo\frontend-tools\x64\debug\moc_double-slider.obj
c:\users\xiong\source\repos\obsbasicdemo\frontend-tools\x64\debug\moc_clickable-label.obj
c:\users\xiong\source\repos\obsbasicdemo\frontend-tools\x64\debug\moc_captions.obj
c:\users\xiong\source\repos\obsbasicdemo\frontend-tools\x64\debug\moc_auto-scene-switcher.obj
c:\users\xiong\source\repos\obsbasicdemo\frontend-tools\x64\debug\horizontal-scroll-area.obj
c:\users\xiong\source\repos\obsbasicdemo\frontend-tools\x64\debug\double-slider.obj
c:\users\xiong\source\repos\obsbasicdemo\frontend-tools\x64\debug\captions.obj
c:\users\xiong\source\repos\obsbasicdemo\frontend-tools\x64\debug\captions-mssapi.obj
c:\users\xiong\source\repos\obsbasicdemo\frontend-tools\x64\debug\captions-mssapi-stream.obj
c:\users\xiong\source\repos\obsbasicdemo\frontend-tools\x64\debug\captions-handler.obj
c:\users\xiong\source\repos\obsbasicdemo\frontend-tools\x64\debug\auto-scene-switcher.obj
c:\users\xiong\source\repos\obsbasicdemo\frontend-tools\x64\debug\auto-scene-switcher-win.obj
c:\users\xiong\source\repos\obsbasicdemo\frontend-tools\x64\debug\vertical-scroll-area.obj
c:\users\xiong\source\repos\obsbasicdemo\frontend-tools\x64\debug\spinbox-ignorewheel.obj
c:\users\xiong\source\repos\obsbasicdemo\frontend-tools\x64\debug\slider-ignorewheel.obj
c:\users\xiong\source\repos\obsbasicdemo\frontend-tools\x64\debug\scripts.obj
c:\users\xiong\source\repos\obsbasicdemo\frontend-tools\x64\debug\qt-wrappers.obj
c:\users\xiong\source\repos\obsbasicdemo\frontend-tools\x64\debug\properties-view.obj
c:\users\xiong\source\repos\obsbasicdemo\frontend-tools\x64\debug\plain-text-edit.obj
c:\users\xiong\source\repos\obsbasicdemo\frontend-tools\x64\debug\output-timer.obj
c:\users\xiong\source\repos\obsbasicdemo\frontend-tools\x64\debug\moc_vertical-scroll-area.obj
c:\users\xiong\source\repos\obsbasicdemo\frontend-tools\x64\debug\frontend-tools.obj
c:\users\xiong\source\repos\obsbasicdemo\x64\debug\frontend-tools.lib
c:\users\xiong\source\repos\obsbasicdemo\x64\debug\frontend-tools.exp
c:\users\xiong\source\repos\obsbasicdemo\x64\debug\frontend-tools.dll
c:\users\xiong\source\repos\obsbasicdemo\frontend-tools\x64\debug\frontend-tools.ilk
c:\users\xiong\source\repos\obsbasicdemo\x64\debug\frontend-tools.pdb
c:\users\xiong\source\repos\obsbasicdemo\frontend-tools\x64\debug\frontend-tools.tlog\cl.command.1.tlog
c:\users\xiong\source\repos\obsbasicdemo\frontend-tools\x64\debug\frontend-tools.tlog\cl.read.1.tlog
c:\users\xiong\source\repos\obsbasicdemo\frontend-tools\x64\debug\frontend-tools.tlog\cl.write.1.tlog
c:\users\xiong\source\repos\obsbasicdemo\frontend-tools\x64\debug\frontend-tools.tlog\frontend-tools.write.1u.tlog
c:\users\xiong\source\repos\obsbasicdemo\frontend-tools\x64\debug\frontend-tools.tlog\link.command.1.tlog
c:\users\xiong\source\repos\obsbasicdemo\frontend-tools\x64\debug\frontend-tools.tlog\link.read.1.tlog
c:\users\xiong\source\repos\obsbasicdemo\frontend-tools\x64\debug\frontend-tools.tlog\link.write.1.tlog
