c:\users\xiong\source\repos\obsbasicdemo\obs-qsv11\x64\debug\vc142.pdb
c:\users\xiong\source\repos\obsbasicdemo\obs-qsv11\x64\debug\vc142.idb
c:\users\xiong\source\repos\obsbasicdemo\obs-qsv11\x64\debug\qsv_encoder_internal.obj
c:\users\xiong\source\repos\obsbasicdemo\obs-qsv11\x64\debug\qsv_encoder.obj
c:\users\xiong\source\repos\obsbasicdemo\obs-qsv11\x64\debug\common_utils_windows.obj
c:\users\xiong\source\repos\obsbasicdemo\obs-qsv11\x64\debug\common_utils.obj
c:\users\xiong\source\repos\obsbasicdemo\obs-qsv11\x64\debug\common_directx11.obj
c:\users\xiong\source\repos\obsbasicdemo\obs-qsv11\x64\debug\obs-qsv11.obj
c:\users\xiong\source\repos\obsbasicdemo\obs-qsv11\x64\debug\obs-qsv11-plugin-main.obj
c:\users\xiong\source\repos\obsbasicdemo\obs-qsv11\x64\debug\obs-qsv11.ilk
c:\users\xiong\source\repos\obsbasicdemo\obs-plugins\64bit\obs-qsv11.dll
c:\users\xiong\source\repos\obsbasicdemo\obs-plugins\64bit\obs-qsv11.pdb
c:\users\xiong\source\repos\obsbasicdemo\x64\debug\obs-qsv11.lib
c:\users\xiong\source\repos\obsbasicdemo\x64\debug\obs-qsv11.exp
c:\users\xiong\source\repos\obsbasicdemo\obs-plugins\64bit\obs-qsv11.lib
c:\users\xiong\source\repos\obsbasicdemo\obs-plugins\64bit\obs-qsv11.exp
c:\users\xiong\source\repos\obsbasicdemo\obs-qsv11\x64\debug\obs-qsv11.tlog\cl.command.1.tlog
c:\users\xiong\source\repos\obsbasicdemo\obs-qsv11\x64\debug\obs-qsv11.tlog\cl.read.1.tlog
c:\users\xiong\source\repos\obsbasicdemo\obs-qsv11\x64\debug\obs-qsv11.tlog\cl.write.1.tlog
c:\users\xiong\source\repos\obsbasicdemo\obs-qsv11\x64\debug\obs-qsv11.tlog\link.command.1.tlog
c:\users\xiong\source\repos\obsbasicdemo\obs-qsv11\x64\debug\obs-qsv11.tlog\link.read.1.tlog
c:\users\xiong\source\repos\obsbasicdemo\obs-qsv11\x64\debug\obs-qsv11.tlog\link.write.1.tlog
c:\users\xiong\source\repos\obsbasicdemo\obs-qsv11\x64\debug\obs-qsv11.tlog\obs-qsv11.write.1u.tlog
