c:\users\xiong\source\repos\obsbasicdemo\obs-scripting\x64\debug\vc142.pdb
c:\users\xiong\source\repos\obsbasicdemo\obs-scripting\x64\debug\vc142.idb
c:\users\xiong\source\repos\obsbasicdemo\obs-scripting\x64\debug\cstrcache.obj
c:\users\xiong\source\repos\obsbasicdemo\obs-scripting\x64\debug\obs-scripting.obj
c:\users\xiong\source\repos\obsbasicdemo\obs-scripting\x64\debug\obs-scripting-python.obj
c:\users\xiong\source\repos\obsbasicdemo\obs-scripting\x64\debug\obs-scripting-python-import.obj
c:\users\xiong\source\repos\obsbasicdemo\obs-scripting\x64\debug\obs-scripting-python-frontend.obj
c:\users\xiong\source\repos\obsbasicdemo\obs-scripting\x64\debug\obs-scripting-lua.obj
c:\users\xiong\source\repos\obsbasicdemo\obs-scripting\x64\debug\obs-scripting-lua-source.obj
c:\users\xiong\source\repos\obsbasicdemo\obs-scripting\x64\debug\obs-scripting-lua-frontend.obj
c:\users\xiong\source\repos\obsbasicdemo\obs-scripting\x64\debug\obs-scripting-logging.obj
c:\users\xiong\source\repos\obsbasicdemo\x64\debug\obs-scripting.dll
c:\users\xiong\source\repos\obsbasicdemo\obs-scripting\x64\debug\obs-scripting.ilk
c:\users\xiong\source\repos\obsbasicdemo\x64\debug\obs-scripting.pdb
c:\users\xiong\source\repos\obsbasicdemo\x64\debug\obs-scripting.lib
c:\users\xiong\source\repos\obsbasicdemo\x64\debug\obs-scripting.exp
c:\users\xiong\source\repos\obsbasicdemo\obs-scripting\x64\debug\obs-scripting.tlog\cl.command.1.tlog
c:\users\xiong\source\repos\obsbasicdemo\obs-scripting\x64\debug\obs-scripting.tlog\cl.read.1.tlog
c:\users\xiong\source\repos\obsbasicdemo\obs-scripting\x64\debug\obs-scripting.tlog\cl.write.1.tlog
c:\users\xiong\source\repos\obsbasicdemo\obs-scripting\x64\debug\obs-scripting.tlog\link.command.1.tlog
c:\users\xiong\source\repos\obsbasicdemo\obs-scripting\x64\debug\obs-scripting.tlog\link.read.1.tlog
c:\users\xiong\source\repos\obsbasicdemo\obs-scripting\x64\debug\obs-scripting.tlog\link.write.1.tlog
c:\users\xiong\source\repos\obsbasicdemo\obs-scripting\x64\debug\obs-scripting.tlog\obs-scripting.write.1u.tlog
