c:\users\xiong\source\repos\obsbasicdemo\text-freetype2\x64\debug\vc142.pdb
c:\users\xiong\source\repos\obsbasicdemo\text-freetype2\x64\debug\vc142.idb
c:\users\xiong\source\repos\obsbasicdemo\text-freetype2\x64\debug\text-functionality.obj
c:\users\xiong\source\repos\obsbasicdemo\text-freetype2\x64\debug\text-freetype2.obj
c:\users\xiong\source\repos\obsbasicdemo\text-freetype2\x64\debug\obs-convenience.obj
c:\users\xiong\source\repos\obsbasicdemo\text-freetype2\x64\debug\find-font.obj
c:\users\xiong\source\repos\obsbasicdemo\text-freetype2\x64\debug\find-font-windows.obj
c:\users\xiong\source\repos\obsbasicdemo\text-freetype2\x64\debug\text-freetype2.ilk
c:\users\xiong\source\repos\obsbasicdemo\obs-plugins\64bit\text-freetype2.dll
c:\users\xiong\source\repos\obsbasicdemo\obs-plugins\64bit\text-freetype2.pdb
c:\users\xiong\source\repos\obsbasicdemo\x64\debug\text-freetype2.lib
c:\users\xiong\source\repos\obsbasicdemo\x64\debug\text-freetype2.exp
c:\users\xiong\source\repos\obsbasicdemo\obs-plugins\64bit\text-freetype2.lib
c:\users\xiong\source\repos\obsbasicdemo\obs-plugins\64bit\text-freetype2.exp
c:\users\xiong\source\repos\obsbasicdemo\text-freetype2\x64\debug\text-freetype2.tlog\cl.command.1.tlog
c:\users\xiong\source\repos\obsbasicdemo\text-freetype2\x64\debug\text-freetype2.tlog\cl.read.1.tlog
c:\users\xiong\source\repos\obsbasicdemo\text-freetype2\x64\debug\text-freetype2.tlog\cl.write.1.tlog
c:\users\xiong\source\repos\obsbasicdemo\text-freetype2\x64\debug\text-freetype2.tlog\link.command.1.tlog
c:\users\xiong\source\repos\obsbasicdemo\text-freetype2\x64\debug\text-freetype2.tlog\link.read.1.tlog
c:\users\xiong\source\repos\obsbasicdemo\text-freetype2\x64\debug\text-freetype2.tlog\link.write.1.tlog
c:\users\xiong\source\repos\obsbasicdemo\text-freetype2\x64\debug\text-freetype2.tlog\text-freetype2.write.1u.tlog
