c:\users\xiong\source\repos\obsbasicdemo\obs-browser\x64\debug\vc142.pdb
c:\users\xiong\source\repos\obsbasicdemo\obs-browser\x64\debug\vc142.idb
c:\users\xiong\source\repos\obsbasicdemo\obs-browser\x64\debug\wide-string.obj
c:\users\xiong\source\repos\obsbasicdemo\obs-browser\x64\debug\obs-browser-source.obj
c:\users\xiong\source\repos\obsbasicdemo\obs-browser\x64\debug\obs-browser-source-audio.obj
c:\users\xiong\source\repos\obsbasicdemo\obs-browser\x64\debug\obs-browser-plugin.obj
c:\users\xiong\source\repos\obsbasicdemo\obs-browser\x64\debug\moc_browser-panel.obj
c:\users\xiong\source\repos\obsbasicdemo\obs-browser\x64\debug\moc_browser-panel-internal.obj
c:\users\xiong\source\repos\obsbasicdemo\obs-browser\x64\debug\browser-scheme.obj
c:\users\xiong\source\repos\obsbasicdemo\obs-browser\x64\debug\browser-panel.obj
c:\users\xiong\source\repos\obsbasicdemo\obs-browser\x64\debug\browser-panel-client.obj
c:\users\xiong\source\repos\obsbasicdemo\obs-browser\x64\debug\browser-client.obj
c:\users\xiong\source\repos\obsbasicdemo\obs-browser\x64\debug\browser-app.obj
c:\users\xiong\source\repos\obsbasicdemo\obs-browser\x64\debug\base64.obj
c:\users\xiong\source\repos\obsbasicdemo\obs-browser\x64\debug\obs-browser.ilk
c:\users\xiong\source\repos\obsbasicdemo\obs-plugins\64bit\obs-browser.dll
c:\users\xiong\source\repos\obsbasicdemo\obs-plugins\64bit\obs-browser.pdb
c:\users\xiong\source\repos\obsbasicdemo\x64\debug\obs-browser.lib
c:\users\xiong\source\repos\obsbasicdemo\x64\debug\obs-browser.exp
c:\users\xiong\source\repos\obsbasicdemo\obs-plugins\64bit\obs-browser.lib
c:\users\xiong\source\repos\obsbasicdemo\obs-plugins\64bit\obs-browser.exp
c:\users\xiong\source\repos\obsbasicdemo\obs-browser\x64\debug\obs-browser.tlog\cl.command.1.tlog
c:\users\xiong\source\repos\obsbasicdemo\obs-browser\x64\debug\obs-browser.tlog\cl.read.1.tlog
c:\users\xiong\source\repos\obsbasicdemo\obs-browser\x64\debug\obs-browser.tlog\cl.write.1.tlog
c:\users\xiong\source\repos\obsbasicdemo\obs-browser\x64\debug\obs-browser.tlog\link.command.1.tlog
c:\users\xiong\source\repos\obsbasicdemo\obs-browser\x64\debug\obs-browser.tlog\link.read.1.tlog
c:\users\xiong\source\repos\obsbasicdemo\obs-browser\x64\debug\obs-browser.tlog\link.write.1.tlog
c:\users\xiong\source\repos\obsbasicdemo\obs-browser\x64\debug\obs-browser.tlog\obs-browser.write.1u.tlog
