c:\users\xiong\source\repos\obsbasicdemo\win-wasapi\x64\debug\vc142.pdb
c:\users\xiong\source\repos\obsbasicdemo\win-wasapi\x64\debug\vc142.idb
c:\users\xiong\source\repos\obsbasicdemo\win-wasapi\x64\debug\win-wasapi.obj
c:\users\xiong\source\repos\obsbasicdemo\win-wasapi\x64\debug\wasapi-notify.obj
c:\users\xiong\source\repos\obsbasicdemo\win-wasapi\x64\debug\plugin-main.obj
c:\users\xiong\source\repos\obsbasicdemo\win-wasapi\x64\debug\enum-wasapi.obj
c:\users\xiong\source\repos\obsbasicdemo\win-wasapi\x64\debug\win-wasapi.ilk
c:\users\xiong\source\repos\obsbasicdemo\obs-plugins\64bit\win-wasapi.dll
c:\users\xiong\source\repos\obsbasicdemo\obs-plugins\64bit\win-wasapi.pdb
c:\users\xiong\source\repos\obsbasicdemo\x64\debug\win-wasapi.lib
c:\users\xiong\source\repos\obsbasicdemo\x64\debug\win-wasapi.exp
c:\users\xiong\source\repos\obsbasicdemo\obs-plugins\64bit\win-wasapi.lib
c:\users\xiong\source\repos\obsbasicdemo\obs-plugins\64bit\win-wasapi.exp
c:\users\xiong\source\repos\obsbasicdemo\win-wasapi\x64\debug\win-wasapi.tlog\cl.command.1.tlog
c:\users\xiong\source\repos\obsbasicdemo\win-wasapi\x64\debug\win-wasapi.tlog\cl.read.1.tlog
c:\users\xiong\source\repos\obsbasicdemo\win-wasapi\x64\debug\win-wasapi.tlog\cl.write.1.tlog
c:\users\xiong\source\repos\obsbasicdemo\win-wasapi\x64\debug\win-wasapi.tlog\link.command.1.tlog
c:\users\xiong\source\repos\obsbasicdemo\win-wasapi\x64\debug\win-wasapi.tlog\link.read.1.tlog
c:\users\xiong\source\repos\obsbasicdemo\win-wasapi\x64\debug\win-wasapi.tlog\link.write.1.tlog
c:\users\xiong\source\repos\obsbasicdemo\win-wasapi\x64\debug\win-wasapi.tlog\win-wasapi.write.1u.tlog
