c:\users\xiong\source\repos\obsbasicdemo\obs-plugins\64bit\obs-virtualcam-module.pdb
c:\users\xiong\source\repos\obsbasicdemo\obs-plugins\64bit\obs-virtualcam-module.idb
c:\users\xiong\source\repos\obsbasicdemo\obs-virtualcam-module\x64\debug\virtualcam-module.obj
c:\users\xiong\source\repos\obsbasicdemo\obs-virtualcam-module\x64\debug\virtualcam-filter.obj
c:\users\xiong\source\repos\obsbasicdemo\obs-virtualcam-module\x64\debug\placeholder.obj
c:\users\xiong\source\repos\obsbasicdemo\obs-virtualcam-module\x64\debug\output-filter.obj
c:\users\xiong\source\repos\obsbasicdemo\obs-virtualcam-module\x64\debug\log.obj
c:\users\xiong\source\repos\obsbasicdemo\obs-virtualcam-module\x64\debug\encoder.obj
c:\users\xiong\source\repos\obsbasicdemo\obs-virtualcam-module\x64\debug\elgatouvcdevice.obj
c:\users\xiong\source\repos\obsbasicdemo\obs-virtualcam-module\x64\debug\egavresult.obj
c:\users\xiong\source\repos\obsbasicdemo\obs-virtualcam-module\x64\debug\dshowencode.obj
c:\users\xiong\source\repos\obsbasicdemo\obs-virtualcam-module\x64\debug\dshowcapture.obj
c:\users\xiong\source\repos\obsbasicdemo\obs-virtualcam-module\x64\debug\dshow-media-type.obj
c:\users\xiong\source\repos\obsbasicdemo\obs-virtualcam-module\x64\debug\dshow-formats.obj
c:\users\xiong\source\repos\obsbasicdemo\obs-virtualcam-module\x64\debug\dshow-enum.obj
c:\users\xiong\source\repos\obsbasicdemo\obs-virtualcam-module\x64\debug\dshow-encoded-device.obj
c:\users\xiong\source\repos\obsbasicdemo\obs-virtualcam-module\x64\debug\dshow-demux.obj
c:\users\xiong\source\repos\obsbasicdemo\obs-virtualcam-module\x64\debug\dshow-base.obj
c:\users\xiong\source\repos\obsbasicdemo\obs-virtualcam-module\x64\debug\driverinterface.obj
c:\users\xiong\source\repos\obsbasicdemo\obs-virtualcam-module\x64\debug\device.obj
c:\users\xiong\source\repos\obsbasicdemo\obs-virtualcam-module\x64\debug\device-vendor.obj
c:\users\xiong\source\repos\obsbasicdemo\obs-virtualcam-module\x64\debug\capture-filter.obj
c:\users\xiong\source\repos\obsbasicdemo\obs-virtualcam-module\x64\debug\egavhidimplementation.obj
c:\users\xiong\source\repos\obsbasicdemo\obs-virtualcam-module\x64\debug\tiny-nv12-scale.obj
c:\users\xiong\source\repos\obsbasicdemo\obs-virtualcam-module\x64\debug\sleepto.obj
c:\users\xiong\source\repos\obsbasicdemo\obs-virtualcam-module\x64\debug\shared-memory-queue.obj
c:\users\xiong\source\repos\obsbasicdemo\obs-plugins\64bit\obs-virtualcam-module.lib
c:\users\xiong\source\repos\obsbasicdemo\obs-virtualcam-module\x64\debug\obs-virt.90fbe262.tlog\cl.command.1.tlog
c:\users\xiong\source\repos\obsbasicdemo\obs-virtualcam-module\x64\debug\obs-virt.90fbe262.tlog\cl.read.1.tlog
c:\users\xiong\source\repos\obsbasicdemo\obs-virtualcam-module\x64\debug\obs-virt.90fbe262.tlog\cl.write.1.tlog
c:\users\xiong\source\repos\obsbasicdemo\obs-virtualcam-module\x64\debug\obs-virt.90fbe262.tlog\lib-link.read.1.tlog
c:\users\xiong\source\repos\obsbasicdemo\obs-virtualcam-module\x64\debug\obs-virt.90fbe262.tlog\lib-link.write.1.tlog
c:\users\xiong\source\repos\obsbasicdemo\obs-virtualcam-module\x64\debug\obs-virt.90fbe262.tlog\lib.command.1.tlog
