c:\users\xiong\source\repos\obsbasicdemo\win-capture\x64\debug\vc142.pdb
c:\users\xiong\source\repos\obsbasicdemo\win-capture\x64\debug\vc142.idb
c:\users\xiong\source\repos\obsbasicdemo\win-capture\x64\debug\window-capture.obj
c:\users\xiong\source\repos\obsbasicdemo\win-capture\x64\debug\plugin-main.obj
c:\users\xiong\source\repos\obsbasicdemo\win-capture\x64\debug\pipe-windows.obj
c:\users\xiong\source\repos\obsbasicdemo\win-capture\x64\debug\obfuscate.obj
c:\users\xiong\source\repos\obsbasicdemo\win-capture\x64\debug\nt-stuff.obj
c:\users\xiong\source\repos\obsbasicdemo\win-capture\x64\debug\monitor-capture.obj
c:\users\xiong\source\repos\obsbasicdemo\win-capture\x64\debug\load-graphics-offsets.obj
c:\users\xiong\source\repos\obsbasicdemo\win-capture\x64\debug\inject-library.obj
c:\users\xiong\source\repos\obsbasicdemo\win-capture\x64\debug\game-capture.obj
c:\users\xiong\source\repos\obsbasicdemo\win-capture\x64\debug\game-capture-file-init.obj
c:\users\xiong\source\repos\obsbasicdemo\win-capture\x64\debug\file-updater.obj
c:\users\xiong\source\repos\obsbasicdemo\win-capture\x64\debug\duplicator-monitor-capture.obj
c:\users\xiong\source\repos\obsbasicdemo\win-capture\x64\debug\dc-capture.obj
c:\users\xiong\source\repos\obsbasicdemo\win-capture\x64\debug\cursor-capture.obj
c:\users\xiong\source\repos\obsbasicdemo\win-capture\x64\debug\compat-helpers.obj
c:\users\xiong\source\repos\obsbasicdemo\win-capture\x64\debug\audio-helpers.obj
c:\users\xiong\source\repos\obsbasicdemo\win-capture\x64\debug\app-helpers.obj
c:\users\xiong\source\repos\obsbasicdemo\win-capture\x64\debug\win-capture.ilk
c:\users\xiong\source\repos\obsbasicdemo\obs-plugins\64bit\win-capture.dll
c:\users\xiong\source\repos\obsbasicdemo\obs-plugins\64bit\win-capture.pdb
c:\users\xiong\source\repos\obsbasicdemo\x64\debug\win-capture.lib
c:\users\xiong\source\repos\obsbasicdemo\x64\debug\win-capture.exp
c:\users\xiong\source\repos\obsbasicdemo\obs-plugins\64bit\win-capture.lib
c:\users\xiong\source\repos\obsbasicdemo\obs-plugins\64bit\win-capture.exp
c:\users\xiong\source\repos\obsbasicdemo\win-capture\x64\debug\win-capture.tlog\cl.command.1.tlog
c:\users\xiong\source\repos\obsbasicdemo\win-capture\x64\debug\win-capture.tlog\cl.read.1.tlog
c:\users\xiong\source\repos\obsbasicdemo\win-capture\x64\debug\win-capture.tlog\cl.write.1.tlog
c:\users\xiong\source\repos\obsbasicdemo\win-capture\x64\debug\win-capture.tlog\link.command.1.tlog
c:\users\xiong\source\repos\obsbasicdemo\win-capture\x64\debug\win-capture.tlog\link.read.1.tlog
c:\users\xiong\source\repos\obsbasicdemo\win-capture\x64\debug\win-capture.tlog\link.write.1.tlog
c:\users\xiong\source\repos\obsbasicdemo\win-capture\x64\debug\win-capture.tlog\win-capture.write.1u.tlog
