c:\users\xiong\source\repos\obsbasicdemo\libobs-d3d11\x64\debug\vc142.pdb
c:\users\xiong\source\repos\obsbasicdemo\libobs-d3d11\x64\debug\vc142.idb
c:\users\xiong\source\repos\obsbasicdemo\libobs-d3d11\x64\debug\d3d11-zstencilbuffer.obj
c:\users\xiong\source\repos\obsbasicdemo\libobs-d3d11\x64\debug\d3d11-vertexbuffer.obj
c:\users\xiong\source\repos\obsbasicdemo\libobs-d3d11\x64\debug\d3d11-texture3d.obj
c:\users\xiong\source\repos\obsbasicdemo\libobs-d3d11\x64\debug\d3d11-texture2d.obj
c:\users\xiong\source\repos\obsbasicdemo\libobs-d3d11\x64\debug\d3d11-subsystem.obj
c:\users\xiong\source\repos\obsbasicdemo\libobs-d3d11\x64\debug\d3d11-stagesurf.obj
c:\users\xiong\source\repos\obsbasicdemo\libobs-d3d11\x64\debug\d3d11-shaderprocessor.obj
c:\users\xiong\source\repos\obsbasicdemo\libobs-d3d11\x64\debug\d3d11-shader.obj
c:\users\xiong\source\repos\obsbasicdemo\libobs-d3d11\x64\debug\d3d11-samplerstate.obj
c:\users\xiong\source\repos\obsbasicdemo\libobs-d3d11\x64\debug\d3d11-rebuild.obj
c:\users\xiong\source\repos\obsbasicdemo\libobs-d3d11\x64\debug\d3d11-indexbuffer.obj
c:\users\xiong\source\repos\obsbasicdemo\libobs-d3d11\x64\debug\d3d11-duplicator.obj
c:\users\xiong\source\repos\obsbasicdemo\x64\debug\libobs-d3d11.lib
c:\users\xiong\source\repos\obsbasicdemo\x64\debug\libobs-d3d11.exp
c:\users\xiong\source\repos\obsbasicdemo\libobs-d3d11\x64\debug\libobs-d3d11.ilk
c:\users\xiong\source\repos\obsbasicdemo\x64\debug\libobs-d3d11.dll
c:\users\xiong\source\repos\obsbasicdemo\x64\debug\libobs-d3d11.pdb
c:\users\xiong\source\repos\obsbasicdemo\libobs-d3d11\x64\debug\libobs-d3d11.tlog\cl.command.1.tlog
c:\users\xiong\source\repos\obsbasicdemo\libobs-d3d11\x64\debug\libobs-d3d11.tlog\cl.read.1.tlog
c:\users\xiong\source\repos\obsbasicdemo\libobs-d3d11\x64\debug\libobs-d3d11.tlog\cl.write.1.tlog
c:\users\xiong\source\repos\obsbasicdemo\libobs-d3d11\x64\debug\libobs-d3d11.tlog\libobs-d3d11.write.1u.tlog
c:\users\xiong\source\repos\obsbasicdemo\libobs-d3d11\x64\debug\libobs-d3d11.tlog\link.command.1.tlog
c:\users\xiong\source\repos\obsbasicdemo\libobs-d3d11\x64\debug\libobs-d3d11.tlog\link.read.1.tlog
c:\users\xiong\source\repos\obsbasicdemo\libobs-d3d11\x64\debug\libobs-d3d11.tlog\link.write.1.tlog
