c:\users\xiong\source\repos\obsbasicdemo\obs-ffmpeg\x64\debug\vc142.pdb
c:\users\xiong\source\repos\obsbasicdemo\obs-ffmpeg\x64\debug\vc142.idb
c:\users\xiong\source\repos\obsbasicdemo\obs-ffmpeg\x64\debug\obs-nvenc.obj
c:\users\xiong\source\repos\obsbasicdemo\obs-ffmpeg\x64\debug\obs-nvenc-helpers.obj
c:\users\xiong\source\repos\obsbasicdemo\obs-ffmpeg\x64\debug\obs-ffmpeg.obj
c:\users\xiong\source\repos\obsbasicdemo\obs-ffmpeg\x64\debug\obs-ffmpeg-video-encoders.obj
c:\users\xiong\source\repos\obsbasicdemo\obs-ffmpeg\x64\debug\obs-ffmpeg-source.obj
c:\users\xiong\source\repos\obsbasicdemo\obs-ffmpeg\x64\debug\obs-ffmpeg-output.obj
c:\users\xiong\source\repos\obsbasicdemo\obs-ffmpeg\x64\debug\obs-ffmpeg-nvenc.obj
c:\users\xiong\source\repos\obsbasicdemo\obs-ffmpeg\x64\debug\obs-ffmpeg-mux.obj
c:\users\xiong\source\repos\obsbasicdemo\obs-ffmpeg\x64\debug\obs-ffmpeg-mpegts.obj
c:\users\xiong\source\repos\obsbasicdemo\obs-ffmpeg\x64\debug\obs-ffmpeg-logging.obj
c:\users\xiong\source\repos\obsbasicdemo\obs-ffmpeg\x64\debug\obs-ffmpeg-hls-mux.obj
c:\users\xiong\source\repos\obsbasicdemo\obs-ffmpeg\x64\debug\obs-ffmpeg-av1.obj
c:\users\xiong\source\repos\obsbasicdemo\obs-ffmpeg\x64\debug\obs-ffmpeg-audio-encoders.obj
c:\users\xiong\source\repos\obsbasicdemo\obs-ffmpeg\x64\debug\media.obj
c:\users\xiong\source\repos\obsbasicdemo\obs-ffmpeg\x64\debug\media-playback.obj
c:\users\xiong\source\repos\obsbasicdemo\obs-ffmpeg\x64\debug\ffmpeg-mux.obj
c:\users\xiong\source\repos\obsbasicdemo\obs-ffmpeg\x64\debug\decode.obj
c:\users\xiong\source\repos\obsbasicdemo\obs-ffmpeg\x64\debug\cache.obj
c:\users\xiong\source\repos\obsbasicdemo\obs-ffmpeg\x64\debug\texture-amf.obj
c:\users\xiong\source\repos\obsbasicdemo\obs-ffmpeg\x64\debug\obs-ffmpeg.ilk
c:\users\xiong\source\repos\obsbasicdemo\obs-plugins\64bit\obs-ffmpeg.dll
c:\users\xiong\source\repos\obsbasicdemo\obs-plugins\64bit\obs-ffmpeg.pdb
c:\users\xiong\source\repos\obsbasicdemo\x64\debug\obs-ffmpeg.lib
c:\users\xiong\source\repos\obsbasicdemo\x64\debug\obs-ffmpeg.exp
c:\users\xiong\source\repos\obsbasicdemo\obs-plugins\64bit\obs-ffmpeg.lib
c:\users\xiong\source\repos\obsbasicdemo\obs-plugins\64bit\obs-ffmpeg.exp
c:\users\xiong\source\repos\obsbasicdemo\obs-ffmpeg\x64\debug\obs-ffmpeg.tlog\cl.command.1.tlog
c:\users\xiong\source\repos\obsbasicdemo\obs-ffmpeg\x64\debug\obs-ffmpeg.tlog\cl.read.1.tlog
c:\users\xiong\source\repos\obsbasicdemo\obs-ffmpeg\x64\debug\obs-ffmpeg.tlog\cl.write.1.tlog
c:\users\xiong\source\repos\obsbasicdemo\obs-ffmpeg\x64\debug\obs-ffmpeg.tlog\link.command.1.tlog
c:\users\xiong\source\repos\obsbasicdemo\obs-ffmpeg\x64\debug\obs-ffmpeg.tlog\link.read.1.tlog
c:\users\xiong\source\repos\obsbasicdemo\obs-ffmpeg\x64\debug\obs-ffmpeg.tlog\link.write.1.tlog
c:\users\xiong\source\repos\obsbasicdemo\obs-ffmpeg\x64\debug\obs-ffmpeg.tlog\obs-ffmpeg.write.1u.tlog
