c:\users\xiong\source\repos\obsbasicdemo\obs-transitions\x64\debug\vc142.pdb
c:\users\xiong\source\repos\obsbasicdemo\obs-transitions\x64\debug\vc142.idb
c:\users\xiong\source\repos\obsbasicdemo\obs-transitions\x64\debug\transition-swipe.obj
c:\users\xiong\source\repos\obsbasicdemo\obs-transitions\x64\debug\transition-stinger.obj
c:\users\xiong\source\repos\obsbasicdemo\obs-transitions\x64\debug\transition-slide.obj
c:\users\xiong\source\repos\obsbasicdemo\obs-transitions\x64\debug\transition-luma-wipe.obj
c:\users\xiong\source\repos\obsbasicdemo\obs-transitions\x64\debug\transition-fade.obj
c:\users\xiong\source\repos\obsbasicdemo\obs-transitions\x64\debug\transition-fade-to-color.obj
c:\users\xiong\source\repos\obsbasicdemo\obs-transitions\x64\debug\transition-cut.obj
c:\users\xiong\source\repos\obsbasicdemo\obs-transitions\x64\debug\obs-transitions.obj
c:\users\xiong\source\repos\obsbasicdemo\obs-transitions\x64\debug\obs-transitions.ilk
c:\users\xiong\source\repos\obsbasicdemo\obs-plugins\64bit\obs-transitions.dll
c:\users\xiong\source\repos\obsbasicdemo\obs-plugins\64bit\obs-transitions.pdb
c:\users\xiong\source\repos\obsbasicdemo\x64\debug\obs-transitions.lib
c:\users\xiong\source\repos\obsbasicdemo\x64\debug\obs-transitions.exp
c:\users\xiong\source\repos\obsbasicdemo\obs-plugins\64bit\obs-transitions.lib
c:\users\xiong\source\repos\obsbasicdemo\obs-plugins\64bit\obs-transitions.exp
c:\users\xiong\source\repos\obsbasicdemo\obs-transitions\x64\debug\obs-transitions.tlog\cl.command.1.tlog
c:\users\xiong\source\repos\obsbasicdemo\obs-transitions\x64\debug\obs-transitions.tlog\cl.read.1.tlog
c:\users\xiong\source\repos\obsbasicdemo\obs-transitions\x64\debug\obs-transitions.tlog\cl.write.1.tlog
c:\users\xiong\source\repos\obsbasicdemo\obs-transitions\x64\debug\obs-transitions.tlog\link.command.1.tlog
c:\users\xiong\source\repos\obsbasicdemo\obs-transitions\x64\debug\obs-transitions.tlog\link.read.1.tlog
c:\users\xiong\source\repos\obsbasicdemo\obs-transitions\x64\debug\obs-transitions.tlog\link.write.1.tlog
c:\users\xiong\source\repos\obsbasicdemo\obs-transitions\x64\debug\obs-transitions.tlog\obs-transitions.write.1u.tlog
